23-Feb-2023 19:21:23.544 警告 [main] org.apache.catalina.startup.ClassLoaderFactory.validateFile Problem with directory [D:\xm\tomcat9.0.19\catalina-home\lib], exists: [false], isDirectory: [false], canRead: [false]
23-Feb-2023 19:21:23.548 警告 [main] org.apache.catalina.startup.ClassLoaderFactory.validateFile Problem with directory [D:\xm\tomcat9.0.19\catalina-home\lib], exists: [false], isDirectory: [false], canRead: [false]
23-Feb-2023 19:21:23.548 警告 [main] org.apache.catalina.startup.ClassLoaderFactory.validateFile Problem with directory [D:\xm\tomcat9.0.19\catalina-home\lib], exists: [false], isDirectory: [false], canRead: [false]
23-Feb-2023 19:21:23.549 警告 [main] org.apache.catalina.startup.ClassLoaderFactory.validateFile Problem with directory [D:\xm\tomcat9.0.19\catalina-home\lib], exists: [false], isDirectory: [false], canRead: [false]
23-Feb-2023 19:21:23.571 严重 [main] org.apache.catalina.startup.Catalina.initDirs Cannot find specified temporary folder at [catalina-home/temp]
23-Feb-2023 19:21:23.856 信息 [main] org.apache.catalina.startup.VersionLoggerListener.log Server.æå¡å¨çæ¬:        Apache Tomcat/9.0.x-dev
23-Feb-2023 19:21:23.856 信息 [main] org.apache.catalina.startup.VersionLoggerListener.log Server.æå»º:          unknown
23-Feb-2023 19:21:23.856 信息 [main] org.apache.catalina.startup.VersionLoggerListener.log Server version number: 9.0.x
23-Feb-2023 19:21:23.856 信息 [main] org.apache.catalina.startup.VersionLoggerListener.log OS Name:               Windows 10
23-Feb-2023 19:21:23.856 信息 [main] org.apache.catalina.startup.VersionLoggerListener.log OS.çæ¬:            10.0
23-Feb-2023 19:21:23.856 信息 [main] org.apache.catalina.startup.VersionLoggerListener.log ç».é :          amd64
23-Feb-2023 19:21:23.856 信息 [main] org.apache.catalina.startup.VersionLoggerListener.log Java ç¯å¢åé:             C:\Program Files\Java\jdk1.8.0_211\jre
23-Feb-2023 19:21:23.856 信息 [main] org.apache.catalina.startup.VersionLoggerListener.log JVM çæ¬:           1.8.0_211-b12
23-Feb-2023 19:21:23.856 信息 [main] org.apache.catalina.startup.VersionLoggerListener.log JVM.ä¾åºå:            Oracle Corporation
23-Feb-2023 19:21:23.856 信息 [main] org.apache.catalina.startup.VersionLoggerListener.log CATALINA_BASE:         D:\xm\tomcat9.0.19\catalina-home
23-Feb-2023 19:21:23.856 信息 [main] org.apache.catalina.startup.VersionLoggerListener.log CATALINA_HOME:         D:\xm\tomcat9.0.19\catalina-home
23-Feb-2023 19:21:23.857 信息 [main] org.apache.catalina.startup.VersionLoggerListener.log Command line argument: -Dfile.encoding=UTF-8
23-Feb-2023 19:21:23.857 信息 [main] org.apache.catalina.startup.VersionLoggerListener.log Command line argument: -Dcatalina.home=catalina-home
23-Feb-2023 19:21:23.857 信息 [main] org.apache.catalina.startup.VersionLoggerListener.log Command line argument: -Dcatalina.base=catalina-home
23-Feb-2023 19:21:23.857 信息 [main] org.apache.catalina.startup.VersionLoggerListener.log Command line argument: -Djava.endorsed.dirs=catalina-home/endorsed
23-Feb-2023 19:21:23.857 信息 [main] org.apache.catalina.startup.VersionLoggerListener.log Command line argument: -Djava.io.tmpdir=catalina-home/temp
23-Feb-2023 19:21:23.857 信息 [main] org.apache.catalina.startup.VersionLoggerListener.log Command line argument: -Djava.util.logging.manager=org.apache.juli.ClassLoaderLogManager
23-Feb-2023 19:21:23.857 信息 [main] org.apache.catalina.startup.VersionLoggerListener.log Command line argument: -Djava.util.logging.config.file=catalina-home/conf/logging.properties
23-Feb-2023 19:21:23.857 信息 [main] org.apache.catalina.startup.VersionLoggerListener.log Command line argument: -javaagent:D:\idea\IntelliJ IDEA 2020.3.4\lib\idea_rt.jar=10794:D:\idea\IntelliJ IDEA 2020.3.4\bin
23-Feb-2023 19:21:23.857 信息 [main] org.apache.catalina.core.AprLifecycleListener.lifecycleEvent The APR based Apache Tomcat Native library which allows optimal performance in production environments was not found on the java.library.path: [C:\Program Files\Java\jdk1.8.0_211\bin;C:\Windows\Sun\Java\bin;C:\Windows\system32;C:\Windows;C:\Program Files\Java\jdk-11.0.17\bin;C:\Program Files\Java\jdk-11.0.17\jre\bin;C:\Program Files\Common Files\Oracle\Java\javapath;C:\Program Files (x86)\Common Files\Oracle\Java\javapath;C:\Windows\system32;C:\Windows;C:\Windows\System32\Wbem;C:\Windows\System32\WindowsPowerShell\v1.0\;C:\Windows\System32\OpenSSH\;D:\tools\sofft\xshell\;D:\tools\sofft\git\Git\cmd;D:\node\;D:\maven\maven\apache-maven-3.3.9\bin;D:\rocketmq-all-4.7.0-bin-release\bin;C:\Program Files\Go\bin;C:\Program Files (x86)\Tencent\微信web开发者工具\dll;C:\Program Files\protoc-3.13.0-win64\bin;C:\Users\yuanl\go\bin;D:\tools\protoc-3.13.0-win64\bin;;C:\Program Files\Docker\Docker\resources\bin;D:\ant\apache-ant-1.10.12\bin;C:\Users\yuanl\AppData\Local\Programs\Python\Python310\Scripts\;C:\Users\yuanl\AppData\Local\Programs\Python\Python310\;C:\Program Files\MySQL\MySQL Shell 8.0\bin\;C:\Users\yuanl\AppData\Local\Microsoft\WindowsApps;C:\Users\yuanl\AppData\Roaming\npm;D:\tools\sofft\GoLand 2022.1.3\bin;;D:\tools\Microsoft VS Code\bin;C:\Users\yuanl\go\bin;.]
23-Feb-2023 19:21:23.942 信息 [main] org.apache.coyote.AbstractProtocol.init åå§ååè®®å¤çå¨ ["http-nio-8080"]
23-Feb-2023 19:21:24.101 信息 [main] org.apache.coyote.AbstractProtocol.init åå§ååè®®å¤çå¨ ["ajp-nio-8009"]
23-Feb-2023 19:21:24.104 信息 [main] org.apache.catalina.startup.Catalina.load æå¡å¨å¨[531]æ¯«ç§ååå§å
23-Feb-2023 19:21:24.128 信息 [main] org.apache.catalina.core.StandardService.startInternal Starting service [Catalina]
23-Feb-2023 19:21:24.128 信息 [main] org.apache.catalina.core.StandardEngine.startInternal Starting Servlet engine: [Apache Tomcat/9.0.x-dev]
23-Feb-2023 19:21:24.139 信息 [main] org.apache.coyote.AbstractProtocol.start å¼å§åè®®å¤çå¥æ["http-nio-8080"]
23-Feb-2023 19:21:24.147 信息 [main] org.apache.coyote.AbstractProtocol.start å¼å§åè®®å¤çå¥æ["ajp-nio-8009"]
23-Feb-2023 19:21:24.151 信息 [main] org.apache.catalina.startup.Catalina.start Server startup in [46] milliseconds
23-Feb-2023 19:45:42.179 警告 [main] org.apache.catalina.startup.ClassLoaderFactory.validateFile Problem with directory [D:\xm\tomcat9.0.19\catalina-home\lib], exists: [false], isDirectory: [false], canRead: [false]
23-Feb-2023 19:45:42.183 警告 [main] org.apache.catalina.startup.ClassLoaderFactory.validateFile Problem with directory [D:\xm\tomcat9.0.19\catalina-home\lib], exists: [false], isDirectory: [false], canRead: [false]
23-Feb-2023 19:45:42.183 警告 [main] org.apache.catalina.startup.ClassLoaderFactory.validateFile Problem with directory [D:\xm\tomcat9.0.19\catalina-home\lib], exists: [false], isDirectory: [false], canRead: [false]
23-Feb-2023 19:45:42.184 警告 [main] org.apache.catalina.startup.ClassLoaderFactory.validateFile Problem with directory [D:\xm\tomcat9.0.19\catalina-home\lib], exists: [false], isDirectory: [false], canRead: [false]
23-Feb-2023 19:45:42.206 严重 [main] org.apache.catalina.startup.Catalina.initDirs Cannot find specified temporary folder at [catalina-home/temp]
23-Feb-2023 19:45:42.483 信息 [main] org.apache.catalina.startup.VersionLoggerListener.log Server.服务器版本:        Apache Tomcat/9.0.x-dev
23-Feb-2023 19:45:42.483 信息 [main] org.apache.catalina.startup.VersionLoggerListener.log Server.构建:          unknown
23-Feb-2023 19:45:42.483 信息 [main] org.apache.catalina.startup.VersionLoggerListener.log Server version number: 9.0.x
23-Feb-2023 19:45:42.483 信息 [main] org.apache.catalina.startup.VersionLoggerListener.log OS Name:               Windows 10
23-Feb-2023 19:45:42.483 信息 [main] org.apache.catalina.startup.VersionLoggerListener.log OS.版本:            10.0
23-Feb-2023 19:45:42.483 信息 [main] org.apache.catalina.startup.VersionLoggerListener.log 结.造:          amd64
23-Feb-2023 19:45:42.483 信息 [main] org.apache.catalina.startup.VersionLoggerListener.log Java 环境变量:             C:\Program Files\Java\jdk1.8.0_211\jre
23-Feb-2023 19:45:42.483 信息 [main] org.apache.catalina.startup.VersionLoggerListener.log JVM 版本:           1.8.0_211-b12
23-Feb-2023 19:45:42.484 信息 [main] org.apache.catalina.startup.VersionLoggerListener.log JVM.供应商:            Oracle Corporation
23-Feb-2023 19:45:42.484 信息 [main] org.apache.catalina.startup.VersionLoggerListener.log CATALINA_BASE:         D:\xm\tomcat9.0.19\catalina-home
23-Feb-2023 19:45:42.484 信息 [main] org.apache.catalina.startup.VersionLoggerListener.log CATALINA_HOME:         D:\xm\tomcat9.0.19\catalina-home
23-Feb-2023 19:45:42.484 信息 [main] org.apache.catalina.startup.VersionLoggerListener.log Command line argument: -Dfile.encoding=UTF-8
23-Feb-2023 19:45:42.484 信息 [main] org.apache.catalina.startup.VersionLoggerListener.log Command line argument: -Dcatalina.home=catalina-home
23-Feb-2023 19:45:42.484 信息 [main] org.apache.catalina.startup.VersionLoggerListener.log Command line argument: -Dcatalina.base=catalina-home
23-Feb-2023 19:45:42.484 信息 [main] org.apache.catalina.startup.VersionLoggerListener.log Command line argument: -Djava.endorsed.dirs=catalina-home/endorsed
23-Feb-2023 19:45:42.484 信息 [main] org.apache.catalina.startup.VersionLoggerListener.log Command line argument: -Djava.io.tmpdir=catalina-home/temp
23-Feb-2023 19:45:42.484 信息 [main] org.apache.catalina.startup.VersionLoggerListener.log Command line argument: -Djava.util.logging.manager=org.apache.juli.ClassLoaderLogManager
23-Feb-2023 19:45:42.484 信息 [main] org.apache.catalina.startup.VersionLoggerListener.log Command line argument: -Djava.util.logging.config.file=catalina-home/conf/logging.properties
23-Feb-2023 19:45:42.484 信息 [main] org.apache.catalina.startup.VersionLoggerListener.log Command line argument: -javaagent:D:\idea\IntelliJ IDEA 2020.3.4\lib\idea_rt.jar=11746:D:\idea\IntelliJ IDEA 2020.3.4\bin
23-Feb-2023 19:45:42.484 信息 [main] org.apache.catalina.core.AprLifecycleListener.lifecycleEvent The APR based Apache Tomcat Native library which allows optimal performance in production environments was not found on the java.library.path: [C:\Program Files\Java\jdk1.8.0_211\bin;C:\Windows\Sun\Java\bin;C:\Windows\system32;C:\Windows;C:\Program Files\Java\jdk-11.0.17\bin;C:\Program Files\Java\jdk-11.0.17\jre\bin;C:\Program Files\Common Files\Oracle\Java\javapath;C:\Program Files (x86)\Common Files\Oracle\Java\javapath;C:\Windows\system32;C:\Windows;C:\Windows\System32\Wbem;C:\Windows\System32\WindowsPowerShell\v1.0\;C:\Windows\System32\OpenSSH\;D:\tools\sofft\xshell\;D:\tools\sofft\git\Git\cmd;D:\node\;D:\maven\maven\apache-maven-3.3.9\bin;D:\rocketmq-all-4.7.0-bin-release\bin;C:\Program Files\Go\bin;C:\Program Files (x86)\Tencent\微信web开发者工具\dll;C:\Program Files\protoc-3.13.0-win64\bin;C:\Users\yuanl\go\bin;D:\tools\protoc-3.13.0-win64\bin;;C:\Program Files\Docker\Docker\resources\bin;D:\ant\apache-ant-1.10.12\bin;C:\Users\yuanl\AppData\Local\Programs\Python\Python310\Scripts\;C:\Users\yuanl\AppData\Local\Programs\Python\Python310\;C:\Program Files\MySQL\MySQL Shell 8.0\bin\;C:\Users\yuanl\AppData\Local\Microsoft\WindowsApps;C:\Users\yuanl\AppData\Roaming\npm;D:\tools\sofft\GoLand 2022.1.3\bin;;D:\tools\Microsoft VS Code\bin;C:\Users\yuanl\go\bin;.]
23-Feb-2023 19:45:42.570 信息 [main] org.apache.coyote.AbstractProtocol.init 初始化协议处理器 ["http-nio-8080"]
23-Feb-2023 19:45:42.732 信息 [main] org.apache.coyote.AbstractProtocol.init 初始化协议处理器 ["ajp-nio-8009"]
23-Feb-2023 19:45:42.736 信息 [main] org.apache.catalina.startup.Catalina.load 服务器在[528]毫秒内初始化
23-Feb-2023 19:45:42.760 信息 [main] org.apache.catalina.core.StandardService.startInternal Starting service [Catalina]
23-Feb-2023 19:45:42.761 信息 [main] org.apache.catalina.core.StandardEngine.startInternal Starting Servlet engine: [Apache Tomcat/9.0.x-dev]
23-Feb-2023 19:45:42.771 信息 [main] org.apache.coyote.AbstractProtocol.start 开始协议处理句柄["http-nio-8080"]
23-Feb-2023 19:45:42.779 信息 [main] org.apache.coyote.AbstractProtocol.start 开始协议处理句柄["ajp-nio-8009"]
23-Feb-2023 19:45:42.782 信息 [main] org.apache.catalina.startup.Catalina.start Server startup in [45] milliseconds
23-Feb-2023 19:47:12.863 信息 [Catalina-utility-2] org.apache.catalina.startup.HostConfig.deployDirectory 把web 应用程序部署到目录 [D:\xm\tomcat9.0.19\catalina-home\webapps\demo]
23-Feb-2023 19:47:14.519 信息 [Catalina-utility-2] org.apache.catalina.startup.HostConfig.deployDirectory Deployment of web application directory [D:\xm\tomcat9.0.19\catalina-home\webapps\demo] has finished in [1,656] ms
23-Feb-2023 19:47:47.230 警告 [main] org.apache.catalina.startup.ClassLoaderFactory.validateFile Problem with directory [D:\xm\tomcat9.0.19\catalina-home\lib], exists: [false], isDirectory: [false], canRead: [false]
23-Feb-2023 19:47:47.235 警告 [main] org.apache.catalina.startup.ClassLoaderFactory.validateFile Problem with directory [D:\xm\tomcat9.0.19\catalina-home\lib], exists: [false], isDirectory: [false], canRead: [false]
23-Feb-2023 19:47:47.235 警告 [main] org.apache.catalina.startup.ClassLoaderFactory.validateFile Problem with directory [D:\xm\tomcat9.0.19\catalina-home\lib], exists: [false], isDirectory: [false], canRead: [false]
23-Feb-2023 19:47:47.235 警告 [main] org.apache.catalina.startup.ClassLoaderFactory.validateFile Problem with directory [D:\xm\tomcat9.0.19\catalina-home\lib], exists: [false], isDirectory: [false], canRead: [false]
23-Feb-2023 19:47:47.257 严重 [main] org.apache.catalina.startup.Catalina.initDirs Cannot find specified temporary folder at [catalina-home/temp]
23-Feb-2023 19:47:47.535 信息 [main] org.apache.catalina.startup.VersionLoggerListener.log Server.服务器版本:        Apache Tomcat/9.0.x-dev
23-Feb-2023 19:47:47.535 信息 [main] org.apache.catalina.startup.VersionLoggerListener.log Server.构建:          unknown
23-Feb-2023 19:47:47.535 信息 [main] org.apache.catalina.startup.VersionLoggerListener.log Server version number: 9.0.x
23-Feb-2023 19:47:47.535 信息 [main] org.apache.catalina.startup.VersionLoggerListener.log OS Name:               Windows 10
23-Feb-2023 19:47:47.535 信息 [main] org.apache.catalina.startup.VersionLoggerListener.log OS.版本:            10.0
23-Feb-2023 19:47:47.535 信息 [main] org.apache.catalina.startup.VersionLoggerListener.log 结.造:          amd64
23-Feb-2023 19:47:47.535 信息 [main] org.apache.catalina.startup.VersionLoggerListener.log Java 环境变量:             C:\Program Files\Java\jdk1.8.0_211\jre
23-Feb-2023 19:47:47.535 信息 [main] org.apache.catalina.startup.VersionLoggerListener.log JVM 版本:           1.8.0_211-b12
23-Feb-2023 19:47:47.535 信息 [main] org.apache.catalina.startup.VersionLoggerListener.log JVM.供应商:            Oracle Corporation
23-Feb-2023 19:47:47.535 信息 [main] org.apache.catalina.startup.VersionLoggerListener.log CATALINA_BASE:         D:\xm\tomcat9.0.19\catalina-home
23-Feb-2023 19:47:47.535 信息 [main] org.apache.catalina.startup.VersionLoggerListener.log CATALINA_HOME:         D:\xm\tomcat9.0.19\catalina-home
23-Feb-2023 19:47:47.536 信息 [main] org.apache.catalina.startup.VersionLoggerListener.log Command line argument: -Dfile.encoding=UTF-8
23-Feb-2023 19:47:47.536 信息 [main] org.apache.catalina.startup.VersionLoggerListener.log Command line argument: -Dcatalina.home=catalina-home
23-Feb-2023 19:47:47.536 信息 [main] org.apache.catalina.startup.VersionLoggerListener.log Command line argument: -Dcatalina.base=catalina-home
23-Feb-2023 19:47:47.536 信息 [main] org.apache.catalina.startup.VersionLoggerListener.log Command line argument: -Djava.endorsed.dirs=catalina-home/endorsed
23-Feb-2023 19:47:47.536 信息 [main] org.apache.catalina.startup.VersionLoggerListener.log Command line argument: -Djava.io.tmpdir=catalina-home/temp
23-Feb-2023 19:47:47.536 信息 [main] org.apache.catalina.startup.VersionLoggerListener.log Command line argument: -Djava.util.logging.manager=org.apache.juli.ClassLoaderLogManager
23-Feb-2023 19:47:47.536 信息 [main] org.apache.catalina.startup.VersionLoggerListener.log Command line argument: -Djava.util.logging.config.file=catalina-home/conf/logging.properties
23-Feb-2023 19:47:47.536 信息 [main] org.apache.catalina.startup.VersionLoggerListener.log Command line argument: -javaagent:D:\idea\IntelliJ IDEA 2020.3.4\lib\idea_rt.jar=11828:D:\idea\IntelliJ IDEA 2020.3.4\bin
23-Feb-2023 19:47:47.536 信息 [main] org.apache.catalina.core.AprLifecycleListener.lifecycleEvent The APR based Apache Tomcat Native library which allows optimal performance in production environments was not found on the java.library.path: [C:\Program Files\Java\jdk1.8.0_211\bin;C:\Windows\Sun\Java\bin;C:\Windows\system32;C:\Windows;C:\Program Files\Java\jdk-11.0.17\bin;C:\Program Files\Java\jdk-11.0.17\jre\bin;C:\Program Files\Common Files\Oracle\Java\javapath;C:\Program Files (x86)\Common Files\Oracle\Java\javapath;C:\Windows\system32;C:\Windows;C:\Windows\System32\Wbem;C:\Windows\System32\WindowsPowerShell\v1.0\;C:\Windows\System32\OpenSSH\;D:\tools\sofft\xshell\;D:\tools\sofft\git\Git\cmd;D:\node\;D:\maven\maven\apache-maven-3.3.9\bin;D:\rocketmq-all-4.7.0-bin-release\bin;C:\Program Files\Go\bin;C:\Program Files (x86)\Tencent\微信web开发者工具\dll;C:\Program Files\protoc-3.13.0-win64\bin;C:\Users\yuanl\go\bin;D:\tools\protoc-3.13.0-win64\bin;;C:\Program Files\Docker\Docker\resources\bin;D:\ant\apache-ant-1.10.12\bin;C:\Users\yuanl\AppData\Local\Programs\Python\Python310\Scripts\;C:\Users\yuanl\AppData\Local\Programs\Python\Python310\;C:\Program Files\MySQL\MySQL Shell 8.0\bin\;C:\Users\yuanl\AppData\Local\Microsoft\WindowsApps;C:\Users\yuanl\AppData\Roaming\npm;D:\tools\sofft\GoLand 2022.1.3\bin;;D:\tools\Microsoft VS Code\bin;C:\Users\yuanl\go\bin;.]
23-Feb-2023 19:47:47.624 信息 [main] org.apache.coyote.AbstractProtocol.init 初始化协议处理器 ["http-nio-8080"]
23-Feb-2023 19:47:47.776 信息 [main] org.apache.coyote.AbstractProtocol.init 初始化协议处理器 ["ajp-nio-8009"]
23-Feb-2023 19:47:47.780 信息 [main] org.apache.catalina.startup.Catalina.load 服务器在[520]毫秒内初始化
23-Feb-2023 19:47:47.805 信息 [main] org.apache.catalina.core.StandardService.startInternal Starting service [Catalina]
23-Feb-2023 19:47:47.806 信息 [main] org.apache.catalina.core.StandardEngine.startInternal Starting Servlet engine: [Apache Tomcat/9.0.x-dev]
23-Feb-2023 19:47:47.814 信息 [main] org.apache.catalina.startup.HostConfig.deployDirectory 把web 应用程序部署到目录 [D:\xm\tomcat9.0.19\catalina-home\webapps\demo]
23-Feb-2023 19:47:49.438 信息 [main] org.apache.catalina.startup.HostConfig.deployDirectory Deployment of web application directory [D:\xm\tomcat9.0.19\catalina-home\webapps\demo] has finished in [1,625] ms
23-Feb-2023 19:47:49.441 信息 [main] org.apache.coyote.AbstractProtocol.start 开始协议处理句柄["http-nio-8080"]
23-Feb-2023 19:47:49.449 信息 [main] org.apache.coyote.AbstractProtocol.start 开始协议处理句柄["ajp-nio-8009"]
23-Feb-2023 19:47:49.451 信息 [main] org.apache.catalina.startup.Catalina.start Server startup in [1,671] milliseconds
23-Feb-2023 19:47:51.676 警告 [main] org.apache.catalina.startup.ClassLoaderFactory.validateFile Problem with directory [D:\xm\tomcat9.0.19\catalina-home\lib], exists: [false], isDirectory: [false], canRead: [false]
23-Feb-2023 19:47:51.682 警告 [main] org.apache.catalina.startup.ClassLoaderFactory.validateFile Problem with directory [D:\xm\tomcat9.0.19\catalina-home\lib], exists: [false], isDirectory: [false], canRead: [false]
23-Feb-2023 19:47:51.682 警告 [main] org.apache.catalina.startup.ClassLoaderFactory.validateFile Problem with directory [D:\xm\tomcat9.0.19\catalina-home\lib], exists: [false], isDirectory: [false], canRead: [false]
23-Feb-2023 19:47:51.682 警告 [main] org.apache.catalina.startup.ClassLoaderFactory.validateFile Problem with directory [D:\xm\tomcat9.0.19\catalina-home\lib], exists: [false], isDirectory: [false], canRead: [false]
23-Feb-2023 19:47:51.702 严重 [main] org.apache.catalina.startup.Catalina.initDirs Cannot find specified temporary folder at [catalina-home/temp]
23-Feb-2023 19:47:51.990 信息 [main] org.apache.catalina.startup.VersionLoggerListener.log Server.服务器版本:        Apache Tomcat/9.0.x-dev
23-Feb-2023 19:47:51.990 信息 [main] org.apache.catalina.startup.VersionLoggerListener.log Server.构建:          unknown
23-Feb-2023 19:47:51.990 信息 [main] org.apache.catalina.startup.VersionLoggerListener.log Server version number: 9.0.x
23-Feb-2023 19:47:51.990 信息 [main] org.apache.catalina.startup.VersionLoggerListener.log OS Name:               Windows 10
23-Feb-2023 19:47:51.991 信息 [main] org.apache.catalina.startup.VersionLoggerListener.log OS.版本:            10.0
23-Feb-2023 19:47:51.991 信息 [main] org.apache.catalina.startup.VersionLoggerListener.log 结.造:          amd64
23-Feb-2023 19:47:51.991 信息 [main] org.apache.catalina.startup.VersionLoggerListener.log Java 环境变量:             C:\Program Files\Java\jdk1.8.0_211\jre
23-Feb-2023 19:47:51.991 信息 [main] org.apache.catalina.startup.VersionLoggerListener.log JVM 版本:           1.8.0_211-b12
23-Feb-2023 19:47:51.991 信息 [main] org.apache.catalina.startup.VersionLoggerListener.log JVM.供应商:            Oracle Corporation
23-Feb-2023 19:47:51.991 信息 [main] org.apache.catalina.startup.VersionLoggerListener.log CATALINA_BASE:         D:\xm\tomcat9.0.19\catalina-home
23-Feb-2023 19:47:51.991 信息 [main] org.apache.catalina.startup.VersionLoggerListener.log CATALINA_HOME:         D:\xm\tomcat9.0.19\catalina-home
23-Feb-2023 19:47:51.991 信息 [main] org.apache.catalina.startup.VersionLoggerListener.log Command line argument: -Dfile.encoding=UTF-8
23-Feb-2023 19:47:51.991 信息 [main] org.apache.catalina.startup.VersionLoggerListener.log Command line argument: -Dcatalina.home=catalina-home
23-Feb-2023 19:47:51.991 信息 [main] org.apache.catalina.startup.VersionLoggerListener.log Command line argument: -Dcatalina.base=catalina-home
23-Feb-2023 19:47:51.991 信息 [main] org.apache.catalina.startup.VersionLoggerListener.log Command line argument: -Djava.endorsed.dirs=catalina-home/endorsed
23-Feb-2023 19:47:51.991 信息 [main] org.apache.catalina.startup.VersionLoggerListener.log Command line argument: -Djava.io.tmpdir=catalina-home/temp
23-Feb-2023 19:47:51.992 信息 [main] org.apache.catalina.startup.VersionLoggerListener.log Command line argument: -Djava.util.logging.manager=org.apache.juli.ClassLoaderLogManager
23-Feb-2023 19:47:51.992 信息 [main] org.apache.catalina.startup.VersionLoggerListener.log Command line argument: -Djava.util.logging.config.file=catalina-home/conf/logging.properties
23-Feb-2023 19:47:51.992 信息 [main] org.apache.catalina.startup.VersionLoggerListener.log Command line argument: -javaagent:D:\idea\IntelliJ IDEA 2020.3.4\lib\idea_rt.jar=11845:D:\idea\IntelliJ IDEA 2020.3.4\bin
23-Feb-2023 19:47:51.992 信息 [main] org.apache.catalina.core.AprLifecycleListener.lifecycleEvent The APR based Apache Tomcat Native library which allows optimal performance in production environments was not found on the java.library.path: [C:\Program Files\Java\jdk1.8.0_211\bin;C:\Windows\Sun\Java\bin;C:\Windows\system32;C:\Windows;C:\Program Files\Java\jdk-11.0.17\bin;C:\Program Files\Java\jdk-11.0.17\jre\bin;C:\Program Files\Common Files\Oracle\Java\javapath;C:\Program Files (x86)\Common Files\Oracle\Java\javapath;C:\Windows\system32;C:\Windows;C:\Windows\System32\Wbem;C:\Windows\System32\WindowsPowerShell\v1.0\;C:\Windows\System32\OpenSSH\;D:\tools\sofft\xshell\;D:\tools\sofft\git\Git\cmd;D:\node\;D:\maven\maven\apache-maven-3.3.9\bin;D:\rocketmq-all-4.7.0-bin-release\bin;C:\Program Files\Go\bin;C:\Program Files (x86)\Tencent\微信web开发者工具\dll;C:\Program Files\protoc-3.13.0-win64\bin;C:\Users\yuanl\go\bin;D:\tools\protoc-3.13.0-win64\bin;;C:\Program Files\Docker\Docker\resources\bin;D:\ant\apache-ant-1.10.12\bin;C:\Users\yuanl\AppData\Local\Programs\Python\Python310\Scripts\;C:\Users\yuanl\AppData\Local\Programs\Python\Python310\;C:\Program Files\MySQL\MySQL Shell 8.0\bin\;C:\Users\yuanl\AppData\Local\Microsoft\WindowsApps;C:\Users\yuanl\AppData\Roaming\npm;D:\tools\sofft\GoLand 2022.1.3\bin;;D:\tools\Microsoft VS Code\bin;C:\Users\yuanl\go\bin;.]
23-Feb-2023 19:47:52.082 信息 [main] org.apache.coyote.AbstractProtocol.init 初始化协议处理器 ["http-nio-8080"]
23-Feb-2023 19:47:52.242 信息 [main] org.apache.coyote.AbstractProtocol.init 初始化协议处理器 ["ajp-nio-8009"]
23-Feb-2023 19:47:52.245 信息 [main] org.apache.catalina.startup.Catalina.load 服务器在[541]毫秒内初始化
23-Feb-2023 19:47:52.268 信息 [main] org.apache.catalina.core.StandardService.startInternal Starting service [Catalina]
23-Feb-2023 19:47:52.268 信息 [main] org.apache.catalina.core.StandardEngine.startInternal Starting Servlet engine: [Apache Tomcat/9.0.x-dev]
23-Feb-2023 19:47:52.276 信息 [main] org.apache.catalina.startup.HostConfig.deployDirectory 把web 应用程序部署到目录 [D:\xm\tomcat9.0.19\catalina-home\webapps\demo]
23-Feb-2023 19:47:53.894 信息 [main] org.apache.catalina.startup.HostConfig.deployDirectory Deployment of web application directory [D:\xm\tomcat9.0.19\catalina-home\webapps\demo] has finished in [1,617] ms
23-Feb-2023 19:47:53.897 信息 [main] org.apache.coyote.AbstractProtocol.start 开始协议处理句柄["http-nio-8080"]
23-Feb-2023 19:47:53.905 信息 [main] org.apache.coyote.AbstractProtocol.start 开始协议处理句柄["ajp-nio-8009"]
23-Feb-2023 19:47:53.907 信息 [main] org.apache.catalina.startup.Catalina.start Server startup in [1,661] milliseconds
23-Feb-2023 19:50:48.711 警告 [main] org.apache.catalina.startup.ClassLoaderFactory.validateFile Problem with directory [D:\xm\tomcat9.0.19\catalina-home\lib], exists: [false], isDirectory: [false], canRead: [false]
23-Feb-2023 19:50:48.714 警告 [main] org.apache.catalina.startup.ClassLoaderFactory.validateFile Problem with directory [D:\xm\tomcat9.0.19\catalina-home\lib], exists: [false], isDirectory: [false], canRead: [false]
23-Feb-2023 19:50:48.715 警告 [main] org.apache.catalina.startup.ClassLoaderFactory.validateFile Problem with directory [D:\xm\tomcat9.0.19\catalina-home\lib], exists: [false], isDirectory: [false], canRead: [false]
23-Feb-2023 19:50:48.715 警告 [main] org.apache.catalina.startup.ClassLoaderFactory.validateFile Problem with directory [D:\xm\tomcat9.0.19\catalina-home\lib], exists: [false], isDirectory: [false], canRead: [false]
23-Feb-2023 19:50:48.735 严重 [main] org.apache.catalina.startup.Catalina.initDirs Cannot find specified temporary folder at [catalina-home/temp]
23-Feb-2023 19:50:49.014 信息 [main] org.apache.catalina.startup.VersionLoggerListener.log Server.服务器版本:        Apache Tomcat/9.0.x-dev
23-Feb-2023 19:50:49.014 信息 [main] org.apache.catalina.startup.VersionLoggerListener.log Server.构建:          unknown
23-Feb-2023 19:50:49.014 信息 [main] org.apache.catalina.startup.VersionLoggerListener.log Server version number: 9.0.x
23-Feb-2023 19:50:49.014 信息 [main] org.apache.catalina.startup.VersionLoggerListener.log OS Name:               Windows 10
23-Feb-2023 19:50:49.014 信息 [main] org.apache.catalina.startup.VersionLoggerListener.log OS.版本:            10.0
23-Feb-2023 19:50:49.014 信息 [main] org.apache.catalina.startup.VersionLoggerListener.log 结.造:          amd64
23-Feb-2023 19:50:49.014 信息 [main] org.apache.catalina.startup.VersionLoggerListener.log Java 环境变量:             C:\Program Files\Java\jdk1.8.0_211\jre
23-Feb-2023 19:50:49.014 信息 [main] org.apache.catalina.startup.VersionLoggerListener.log JVM 版本:           1.8.0_211-b12
23-Feb-2023 19:50:49.014 信息 [main] org.apache.catalina.startup.VersionLoggerListener.log JVM.供应商:            Oracle Corporation
23-Feb-2023 19:50:49.014 信息 [main] org.apache.catalina.startup.VersionLoggerListener.log CATALINA_BASE:         D:\xm\tomcat9.0.19\catalina-home
23-Feb-2023 19:50:49.014 信息 [main] org.apache.catalina.startup.VersionLoggerListener.log CATALINA_HOME:         D:\xm\tomcat9.0.19\catalina-home
23-Feb-2023 19:50:49.015 信息 [main] org.apache.catalina.startup.VersionLoggerListener.log Command line argument: -Dfile.encoding=UTF-8
23-Feb-2023 19:50:49.015 信息 [main] org.apache.catalina.startup.VersionLoggerListener.log Command line argument: -Dcatalina.home=catalina-home
23-Feb-2023 19:50:49.015 信息 [main] org.apache.catalina.startup.VersionLoggerListener.log Command line argument: -Dcatalina.base=catalina-home
23-Feb-2023 19:50:49.015 信息 [main] org.apache.catalina.startup.VersionLoggerListener.log Command line argument: -Djava.endorsed.dirs=catalina-home/endorsed
23-Feb-2023 19:50:49.015 信息 [main] org.apache.catalina.startup.VersionLoggerListener.log Command line argument: -Djava.io.tmpdir=catalina-home/temp
23-Feb-2023 19:50:49.015 信息 [main] org.apache.catalina.startup.VersionLoggerListener.log Command line argument: -Djava.util.logging.manager=org.apache.juli.ClassLoaderLogManager
23-Feb-2023 19:50:49.015 信息 [main] org.apache.catalina.startup.VersionLoggerListener.log Command line argument: -Djava.util.logging.config.file=catalina-home/conf/logging.properties
23-Feb-2023 19:50:49.015 信息 [main] org.apache.catalina.startup.VersionLoggerListener.log Command line argument: -javaagent:D:\idea\IntelliJ IDEA 2020.3.4\lib\idea_rt.jar=11989:D:\idea\IntelliJ IDEA 2020.3.4\bin
23-Feb-2023 19:50:49.015 信息 [main] org.apache.catalina.core.AprLifecycleListener.lifecycleEvent The APR based Apache Tomcat Native library which allows optimal performance in production environments was not found on the java.library.path: [C:\Program Files\Java\jdk1.8.0_211\bin;C:\Windows\Sun\Java\bin;C:\Windows\system32;C:\Windows;C:\Program Files\Java\jdk-11.0.17\bin;C:\Program Files\Java\jdk-11.0.17\jre\bin;C:\Program Files\Common Files\Oracle\Java\javapath;C:\Program Files (x86)\Common Files\Oracle\Java\javapath;C:\Windows\system32;C:\Windows;C:\Windows\System32\Wbem;C:\Windows\System32\WindowsPowerShell\v1.0\;C:\Windows\System32\OpenSSH\;D:\tools\sofft\xshell\;D:\tools\sofft\git\Git\cmd;D:\node\;D:\maven\maven\apache-maven-3.3.9\bin;D:\rocketmq-all-4.7.0-bin-release\bin;C:\Program Files\Go\bin;C:\Program Files (x86)\Tencent\微信web开发者工具\dll;C:\Program Files\protoc-3.13.0-win64\bin;C:\Users\yuanl\go\bin;D:\tools\protoc-3.13.0-win64\bin;;C:\Program Files\Docker\Docker\resources\bin;D:\ant\apache-ant-1.10.12\bin;C:\Users\yuanl\AppData\Local\Programs\Python\Python310\Scripts\;C:\Users\yuanl\AppData\Local\Programs\Python\Python310\;C:\Program Files\MySQL\MySQL Shell 8.0\bin\;C:\Users\yuanl\AppData\Local\Microsoft\WindowsApps;C:\Users\yuanl\AppData\Roaming\npm;D:\tools\sofft\GoLand 2022.1.3\bin;;D:\tools\Microsoft VS Code\bin;C:\Users\yuanl\go\bin;.]
23-Feb-2023 19:50:49.100 信息 [main] org.apache.coyote.AbstractProtocol.init 初始化协议处理器 ["http-nio-8080"]
23-Feb-2023 19:50:49.255 信息 [main] org.apache.coyote.AbstractProtocol.init 初始化协议处理器 ["ajp-nio-8009"]
23-Feb-2023 19:50:49.259 信息 [main] org.apache.catalina.startup.Catalina.load 服务器在[522]毫秒内初始化
23-Feb-2023 19:50:49.283 信息 [main] org.apache.catalina.core.StandardService.startInternal Starting service [Catalina]
23-Feb-2023 19:50:49.283 信息 [main] org.apache.catalina.core.StandardEngine.startInternal Starting Servlet engine: [Apache Tomcat/9.0.x-dev]
23-Feb-2023 19:50:49.291 信息 [main] org.apache.catalina.startup.HostConfig.deployDirectory 把web 应用程序部署到目录 [D:\xm\tomcat9.0.19\catalina-home\webapps\demo]
23-Feb-2023 19:50:50.971 信息 [main] org.apache.catalina.startup.HostConfig.deployDirectory Deployment of web application directory [D:\xm\tomcat9.0.19\catalina-home\webapps\demo] has finished in [1,680] ms
23-Feb-2023 19:50:50.975 信息 [main] org.apache.coyote.AbstractProtocol.start 开始协议处理句柄["http-nio-8080"]
23-Feb-2023 19:50:50.982 信息 [main] org.apache.coyote.AbstractProtocol.start 开始协议处理句柄["ajp-nio-8009"]
23-Feb-2023 19:50:50.985 信息 [main] org.apache.catalina.startup.Catalina.start Server startup in [1,725] milliseconds
23-Feb-2023 19:53:51.845 警告 [main] org.apache.catalina.startup.ClassLoaderFactory.validateFile Problem with directory [D:\xm\tomcat9.0.19\catalina-home\lib], exists: [false], isDirectory: [false], canRead: [false]
23-Feb-2023 19:53:51.850 警告 [main] org.apache.catalina.startup.ClassLoaderFactory.validateFile Problem with directory [D:\xm\tomcat9.0.19\catalina-home\lib], exists: [false], isDirectory: [false], canRead: [false]
23-Feb-2023 19:53:51.850 警告 [main] org.apache.catalina.startup.ClassLoaderFactory.validateFile Problem with directory [D:\xm\tomcat9.0.19\catalina-home\lib], exists: [false], isDirectory: [false], canRead: [false]
23-Feb-2023 19:53:51.850 警告 [main] org.apache.catalina.startup.ClassLoaderFactory.validateFile Problem with directory [D:\xm\tomcat9.0.19\catalina-home\lib], exists: [false], isDirectory: [false], canRead: [false]
23-Feb-2023 19:53:51.872 严重 [main] org.apache.catalina.startup.Catalina.initDirs Cannot find specified temporary folder at [catalina-home/temp]
23-Feb-2023 19:53:52.156 信息 [main] org.apache.catalina.startup.VersionLoggerListener.log Server.服务器版本:        Apache Tomcat/9.0.x-dev
23-Feb-2023 19:53:52.157 信息 [main] org.apache.catalina.startup.VersionLoggerListener.log Server.构建:          unknown
23-Feb-2023 19:53:52.157 信息 [main] org.apache.catalina.startup.VersionLoggerListener.log Server version number: 9.0.x
23-Feb-2023 19:53:52.157 信息 [main] org.apache.catalina.startup.VersionLoggerListener.log OS Name:               Windows 10
23-Feb-2023 19:53:52.157 信息 [main] org.apache.catalina.startup.VersionLoggerListener.log OS.版本:            10.0
23-Feb-2023 19:53:52.157 信息 [main] org.apache.catalina.startup.VersionLoggerListener.log 结.造:          amd64
23-Feb-2023 19:53:52.157 信息 [main] org.apache.catalina.startup.VersionLoggerListener.log Java 环境变量:             C:\Program Files\Java\jdk1.8.0_211\jre
23-Feb-2023 19:53:52.157 信息 [main] org.apache.catalina.startup.VersionLoggerListener.log JVM 版本:           1.8.0_211-b12
23-Feb-2023 19:53:52.157 信息 [main] org.apache.catalina.startup.VersionLoggerListener.log JVM.供应商:            Oracle Corporation
23-Feb-2023 19:53:52.157 信息 [main] org.apache.catalina.startup.VersionLoggerListener.log CATALINA_BASE:         D:\xm\tomcat9.0.19\catalina-home
23-Feb-2023 19:53:52.157 信息 [main] org.apache.catalina.startup.VersionLoggerListener.log CATALINA_HOME:         D:\xm\tomcat9.0.19\catalina-home
23-Feb-2023 19:53:52.157 信息 [main] org.apache.catalina.startup.VersionLoggerListener.log Command line argument: -Dfile.encoding=UTF-8
23-Feb-2023 19:53:52.158 信息 [main] org.apache.catalina.startup.VersionLoggerListener.log Command line argument: -Dcatalina.home=catalina-home
23-Feb-2023 19:53:52.158 信息 [main] org.apache.catalina.startup.VersionLoggerListener.log Command line argument: -Dcatalina.base=catalina-home
23-Feb-2023 19:53:52.158 信息 [main] org.apache.catalina.startup.VersionLoggerListener.log Command line argument: -Djava.endorsed.dirs=catalina-home/endorsed
23-Feb-2023 19:53:52.158 信息 [main] org.apache.catalina.startup.VersionLoggerListener.log Command line argument: -Djava.io.tmpdir=catalina-home/temp
23-Feb-2023 19:53:52.158 信息 [main] org.apache.catalina.startup.VersionLoggerListener.log Command line argument: -Djava.util.logging.manager=org.apache.juli.ClassLoaderLogManager
23-Feb-2023 19:53:52.158 信息 [main] org.apache.catalina.startup.VersionLoggerListener.log Command line argument: -Djava.util.logging.config.file=catalina-home/conf/logging.properties
23-Feb-2023 19:53:52.158 信息 [main] org.apache.catalina.startup.VersionLoggerListener.log Command line argument: -javaagent:D:\idea\IntelliJ IDEA 2020.3.4\lib\idea_rt.jar=12098:D:\idea\IntelliJ IDEA 2020.3.4\bin
23-Feb-2023 19:53:52.158 信息 [main] org.apache.catalina.core.AprLifecycleListener.lifecycleEvent The APR based Apache Tomcat Native library which allows optimal performance in production environments was not found on the java.library.path: [C:\Program Files\Java\jdk1.8.0_211\bin;C:\Windows\Sun\Java\bin;C:\Windows\system32;C:\Windows;C:\Program Files\Java\jdk-11.0.17\bin;C:\Program Files\Java\jdk-11.0.17\jre\bin;C:\Program Files\Common Files\Oracle\Java\javapath;C:\Program Files (x86)\Common Files\Oracle\Java\javapath;C:\Windows\system32;C:\Windows;C:\Windows\System32\Wbem;C:\Windows\System32\WindowsPowerShell\v1.0\;C:\Windows\System32\OpenSSH\;D:\tools\sofft\xshell\;D:\tools\sofft\git\Git\cmd;D:\node\;D:\maven\maven\apache-maven-3.3.9\bin;D:\rocketmq-all-4.7.0-bin-release\bin;C:\Program Files\Go\bin;C:\Program Files (x86)\Tencent\微信web开发者工具\dll;C:\Program Files\protoc-3.13.0-win64\bin;C:\Users\yuanl\go\bin;D:\tools\protoc-3.13.0-win64\bin;;C:\Program Files\Docker\Docker\resources\bin;D:\ant\apache-ant-1.10.12\bin;C:\Users\yuanl\AppData\Local\Programs\Python\Python310\Scripts\;C:\Users\yuanl\AppData\Local\Programs\Python\Python310\;C:\Program Files\MySQL\MySQL Shell 8.0\bin\;C:\Users\yuanl\AppData\Local\Microsoft\WindowsApps;C:\Users\yuanl\AppData\Roaming\npm;D:\tools\sofft\GoLand 2022.1.3\bin;;D:\tools\Microsoft VS Code\bin;C:\Users\yuanl\go\bin;.]
23-Feb-2023 19:53:52.243 信息 [main] org.apache.coyote.AbstractProtocol.init 初始化协议处理器 ["http-nio-8080"]
23-Feb-2023 19:53:52.425 信息 [main] org.apache.coyote.AbstractProtocol.init 初始化协议处理器 ["ajp-nio-8009"]
23-Feb-2023 19:53:52.430 信息 [main] org.apache.catalina.startup.Catalina.load 服务器在[555]毫秒内初始化
23-Feb-2023 19:53:52.458 信息 [main] org.apache.catalina.core.StandardService.startInternal Starting service [Catalina]
23-Feb-2023 19:53:52.459 信息 [main] org.apache.catalina.core.StandardEngine.startInternal Starting Servlet engine: [Apache Tomcat/9.0.x-dev]
23-Feb-2023 19:53:52.467 信息 [main] org.apache.catalina.startup.HostConfig.deployDirectory 把web 应用程序部署到目录 [D:\xm\tomcat9.0.19\catalina-home\webapps\demo]
23-Feb-2023 19:53:54.138 信息 [main] org.apache.catalina.startup.HostConfig.deployDirectory Deployment of web application directory [D:\xm\tomcat9.0.19\catalina-home\webapps\demo] has finished in [1,670] ms
23-Feb-2023 19:53:54.141 信息 [main] org.apache.coyote.AbstractProtocol.start 开始协议处理句柄["http-nio-8080"]
23-Feb-2023 19:53:54.148 信息 [main] org.apache.coyote.AbstractProtocol.start 开始协议处理句柄["ajp-nio-8009"]
23-Feb-2023 19:53:54.150 信息 [main] org.apache.catalina.startup.Catalina.start Server startup in [1,719] milliseconds
23-Feb-2023 19:56:02.352 警告 [main] org.apache.catalina.startup.ClassLoaderFactory.validateFile Problem with directory [D:\xm\tomcat9.0.19\catalina-home\lib], exists: [false], isDirectory: [false], canRead: [false]
23-Feb-2023 19:56:02.356 警告 [main] org.apache.catalina.startup.ClassLoaderFactory.validateFile Problem with directory [D:\xm\tomcat9.0.19\catalina-home\lib], exists: [false], isDirectory: [false], canRead: [false]
23-Feb-2023 19:56:02.356 警告 [main] org.apache.catalina.startup.ClassLoaderFactory.validateFile Problem with directory [D:\xm\tomcat9.0.19\catalina-home\lib], exists: [false], isDirectory: [false], canRead: [false]
23-Feb-2023 19:56:02.356 警告 [main] org.apache.catalina.startup.ClassLoaderFactory.validateFile Problem with directory [D:\xm\tomcat9.0.19\catalina-home\lib], exists: [false], isDirectory: [false], canRead: [false]
23-Feb-2023 19:56:02.375 严重 [main] org.apache.catalina.startup.Catalina.initDirs Cannot find specified temporary folder at [catalina-home/temp]
23-Feb-2023 19:56:02.644 信息 [main] org.apache.catalina.startup.VersionLoggerListener.log Server.服务器版本:        Apache Tomcat/9.0.x-dev
23-Feb-2023 19:56:02.644 信息 [main] org.apache.catalina.startup.VersionLoggerListener.log Server.构建:          unknown
23-Feb-2023 19:56:02.644 信息 [main] org.apache.catalina.startup.VersionLoggerListener.log Server version number: 9.0.x
23-Feb-2023 19:56:02.644 信息 [main] org.apache.catalina.startup.VersionLoggerListener.log OS Name:               Windows 10
23-Feb-2023 19:56:02.644 信息 [main] org.apache.catalina.startup.VersionLoggerListener.log OS.版本:            10.0
23-Feb-2023 19:56:02.644 信息 [main] org.apache.catalina.startup.VersionLoggerListener.log 结.造:          amd64
23-Feb-2023 19:56:02.644 信息 [main] org.apache.catalina.startup.VersionLoggerListener.log Java 环境变量:             C:\Program Files\Java\jdk1.8.0_211\jre
23-Feb-2023 19:56:02.644 信息 [main] org.apache.catalina.startup.VersionLoggerListener.log JVM 版本:           1.8.0_211-b12
23-Feb-2023 19:56:02.644 信息 [main] org.apache.catalina.startup.VersionLoggerListener.log JVM.供应商:            Oracle Corporation
23-Feb-2023 19:56:02.645 信息 [main] org.apache.catalina.startup.VersionLoggerListener.log CATALINA_BASE:         D:\xm\tomcat9.0.19\catalina-home
23-Feb-2023 19:56:02.645 信息 [main] org.apache.catalina.startup.VersionLoggerListener.log CATALINA_HOME:         D:\xm\tomcat9.0.19\catalina-home
23-Feb-2023 19:56:02.645 信息 [main] org.apache.catalina.startup.VersionLoggerListener.log Command line argument: -Dfile.encoding=UTF-8
23-Feb-2023 19:56:02.645 信息 [main] org.apache.catalina.startup.VersionLoggerListener.log Command line argument: -Dcatalina.home=catalina-home
23-Feb-2023 19:56:02.645 信息 [main] org.apache.catalina.startup.VersionLoggerListener.log Command line argument: -Dcatalina.base=catalina-home
23-Feb-2023 19:56:02.645 信息 [main] org.apache.catalina.startup.VersionLoggerListener.log Command line argument: -Djava.endorsed.dirs=catalina-home/endorsed
23-Feb-2023 19:56:02.645 信息 [main] org.apache.catalina.startup.VersionLoggerListener.log Command line argument: -Djava.io.tmpdir=catalina-home/temp
23-Feb-2023 19:56:02.645 信息 [main] org.apache.catalina.startup.VersionLoggerListener.log Command line argument: -Djava.util.logging.manager=org.apache.juli.ClassLoaderLogManager
23-Feb-2023 19:56:02.645 信息 [main] org.apache.catalina.startup.VersionLoggerListener.log Command line argument: -Djava.util.logging.config.file=catalina-home/conf/logging.properties
23-Feb-2023 19:56:02.645 信息 [main] org.apache.catalina.startup.VersionLoggerListener.log Command line argument: -javaagent:D:\idea\IntelliJ IDEA 2020.3.4\lib\idea_rt.jar=12273:D:\idea\IntelliJ IDEA 2020.3.4\bin
23-Feb-2023 19:56:02.645 信息 [main] org.apache.catalina.core.AprLifecycleListener.lifecycleEvent The APR based Apache Tomcat Native library which allows optimal performance in production environments was not found on the java.library.path: [C:\Program Files\Java\jdk1.8.0_211\bin;C:\Windows\Sun\Java\bin;C:\Windows\system32;C:\Windows;C:\Program Files\Java\jdk-11.0.17\bin;C:\Program Files\Java\jdk-11.0.17\jre\bin;C:\Program Files\Common Files\Oracle\Java\javapath;C:\Program Files (x86)\Common Files\Oracle\Java\javapath;C:\Windows\system32;C:\Windows;C:\Windows\System32\Wbem;C:\Windows\System32\WindowsPowerShell\v1.0\;C:\Windows\System32\OpenSSH\;D:\tools\sofft\xshell\;D:\tools\sofft\git\Git\cmd;D:\node\;D:\maven\maven\apache-maven-3.3.9\bin;D:\rocketmq-all-4.7.0-bin-release\bin;C:\Program Files\Go\bin;C:\Program Files (x86)\Tencent\微信web开发者工具\dll;C:\Program Files\protoc-3.13.0-win64\bin;C:\Users\yuanl\go\bin;D:\tools\protoc-3.13.0-win64\bin;;C:\Program Files\Docker\Docker\resources\bin;D:\ant\apache-ant-1.10.12\bin;C:\Users\yuanl\AppData\Local\Programs\Python\Python310\Scripts\;C:\Users\yuanl\AppData\Local\Programs\Python\Python310\;C:\Program Files\MySQL\MySQL Shell 8.0\bin\;C:\Users\yuanl\AppData\Local\Microsoft\WindowsApps;C:\Users\yuanl\AppData\Roaming\npm;D:\tools\sofft\GoLand 2022.1.3\bin;;D:\tools\Microsoft VS Code\bin;C:\Users\yuanl\go\bin;.]
23-Feb-2023 19:56:02.731 信息 [main] org.apache.coyote.AbstractProtocol.init 初始化协议处理器 ["http-nio-8080"]
23-Feb-2023 19:56:02.886 信息 [main] org.apache.coyote.AbstractProtocol.init 初始化协议处理器 ["ajp-nio-8009"]
23-Feb-2023 19:56:02.890 信息 [main] org.apache.catalina.startup.Catalina.load 服务器在[513]毫秒内初始化
23-Feb-2023 19:56:02.916 信息 [main] org.apache.catalina.core.StandardService.startInternal Starting service [Catalina]
23-Feb-2023 19:56:02.916 信息 [main] org.apache.catalina.core.StandardEngine.startInternal Starting Servlet engine: [Apache Tomcat/9.0.x-dev]
23-Feb-2023 19:56:02.924 信息 [main] org.apache.catalina.startup.HostConfig.deployDirectory 把web 应用程序部署到目录 [D:\xm\tomcat9.0.19\catalina-home\webapps\demo]
23-Feb-2023 19:56:04.579 信息 [main] org.apache.catalina.startup.HostConfig.deployDirectory Deployment of web application directory [D:\xm\tomcat9.0.19\catalina-home\webapps\demo] has finished in [1,654] ms
23-Feb-2023 19:56:04.582 信息 [main] org.apache.coyote.AbstractProtocol.start 开始协议处理句柄["http-nio-8080"]
23-Feb-2023 19:56:04.590 信息 [main] org.apache.coyote.AbstractProtocol.start 开始协议处理句柄["ajp-nio-8009"]
23-Feb-2023 19:56:04.592 信息 [main] org.apache.catalina.startup.Catalina.start Server startup in [1,701] milliseconds
23-Feb-2023 20:04:49.357 警告 [main] org.apache.catalina.startup.ClassLoaderFactory.validateFile Problem with directory [D:\xm\tomcat9.0.19\catalina-home\lib], exists: [false], isDirectory: [false], canRead: [false]
23-Feb-2023 20:04:49.362 警告 [main] org.apache.catalina.startup.ClassLoaderFactory.validateFile Problem with directory [D:\xm\tomcat9.0.19\catalina-home\lib], exists: [false], isDirectory: [false], canRead: [false]
23-Feb-2023 20:04:49.363 警告 [main] org.apache.catalina.startup.ClassLoaderFactory.validateFile Problem with directory [D:\xm\tomcat9.0.19\catalina-home\lib], exists: [false], isDirectory: [false], canRead: [false]
23-Feb-2023 20:04:49.363 警告 [main] org.apache.catalina.startup.ClassLoaderFactory.validateFile Problem with directory [D:\xm\tomcat9.0.19\catalina-home\lib], exists: [false], isDirectory: [false], canRead: [false]
23-Feb-2023 20:04:49.385 严重 [main] org.apache.catalina.startup.Catalina.initDirs Cannot find specified temporary folder at [catalina-home/temp]
23-Feb-2023 20:04:49.657 信息 [main] org.apache.catalina.startup.VersionLoggerListener.log Server.服务器版本:        Apache Tomcat/9.0.x-dev
23-Feb-2023 20:04:49.657 信息 [main] org.apache.catalina.startup.VersionLoggerListener.log Server.构建:          unknown
23-Feb-2023 20:04:49.657 信息 [main] org.apache.catalina.startup.VersionLoggerListener.log Server version number: 9.0.x
23-Feb-2023 20:04:49.657 信息 [main] org.apache.catalina.startup.VersionLoggerListener.log OS Name:               Windows 10
23-Feb-2023 20:04:49.657 信息 [main] org.apache.catalina.startup.VersionLoggerListener.log OS.版本:            10.0
23-Feb-2023 20:04:49.657 信息 [main] org.apache.catalina.startup.VersionLoggerListener.log 结.造:          amd64
23-Feb-2023 20:04:49.657 信息 [main] org.apache.catalina.startup.VersionLoggerListener.log Java 环境变量:             C:\Program Files\Java\jdk1.8.0_211\jre
23-Feb-2023 20:04:49.657 信息 [main] org.apache.catalina.startup.VersionLoggerListener.log JVM 版本:           1.8.0_211-b12
23-Feb-2023 20:04:49.658 信息 [main] org.apache.catalina.startup.VersionLoggerListener.log JVM.供应商:            Oracle Corporation
23-Feb-2023 20:04:49.658 信息 [main] org.apache.catalina.startup.VersionLoggerListener.log CATALINA_BASE:         D:\xm\tomcat9.0.19\catalina-home
23-Feb-2023 20:04:49.658 信息 [main] org.apache.catalina.startup.VersionLoggerListener.log CATALINA_HOME:         D:\xm\tomcat9.0.19\catalina-home
23-Feb-2023 20:04:49.658 信息 [main] org.apache.catalina.startup.VersionLoggerListener.log Command line argument: -Dfile.encoding=UTF-8
23-Feb-2023 20:04:49.658 信息 [main] org.apache.catalina.startup.VersionLoggerListener.log Command line argument: -Dcatalina.home=catalina-home
23-Feb-2023 20:04:49.658 信息 [main] org.apache.catalina.startup.VersionLoggerListener.log Command line argument: -Dcatalina.base=catalina-home
23-Feb-2023 20:04:49.658 信息 [main] org.apache.catalina.startup.VersionLoggerListener.log Command line argument: -Djava.endorsed.dirs=catalina-home/endorsed
23-Feb-2023 20:04:49.658 信息 [main] org.apache.catalina.startup.VersionLoggerListener.log Command line argument: -Djava.io.tmpdir=catalina-home/temp
23-Feb-2023 20:04:49.658 信息 [main] org.apache.catalina.startup.VersionLoggerListener.log Command line argument: -Djava.util.logging.manager=org.apache.juli.ClassLoaderLogManager
23-Feb-2023 20:04:49.658 信息 [main] org.apache.catalina.startup.VersionLoggerListener.log Command line argument: -Djava.util.logging.config.file=catalina-home/conf/logging.properties
23-Feb-2023 20:04:49.658 信息 [main] org.apache.catalina.startup.VersionLoggerListener.log Command line argument: -javaagent:D:\idea\IntelliJ IDEA 2020.3.4\lib\idea_rt.jar=12618:D:\idea\IntelliJ IDEA 2020.3.4\bin
23-Feb-2023 20:04:49.658 信息 [main] org.apache.catalina.core.AprLifecycleListener.lifecycleEvent The APR based Apache Tomcat Native library which allows optimal performance in production environments was not found on the java.library.path: [C:\Program Files\Java\jdk1.8.0_211\bin;C:\Windows\Sun\Java\bin;C:\Windows\system32;C:\Windows;C:\Program Files\Java\jdk-11.0.17\bin;C:\Program Files\Java\jdk-11.0.17\jre\bin;C:\Program Files\Common Files\Oracle\Java\javapath;C:\Program Files (x86)\Common Files\Oracle\Java\javapath;C:\Windows\system32;C:\Windows;C:\Windows\System32\Wbem;C:\Windows\System32\WindowsPowerShell\v1.0\;C:\Windows\System32\OpenSSH\;D:\tools\sofft\xshell\;D:\tools\sofft\git\Git\cmd;D:\node\;D:\maven\maven\apache-maven-3.3.9\bin;D:\rocketmq-all-4.7.0-bin-release\bin;C:\Program Files\Go\bin;C:\Program Files (x86)\Tencent\微信web开发者工具\dll;C:\Program Files\protoc-3.13.0-win64\bin;C:\Users\yuanl\go\bin;D:\tools\protoc-3.13.0-win64\bin;;C:\Program Files\Docker\Docker\resources\bin;D:\ant\apache-ant-1.10.12\bin;C:\Users\yuanl\AppData\Local\Programs\Python\Python310\Scripts\;C:\Users\yuanl\AppData\Local\Programs\Python\Python310\;C:\Program Files\MySQL\MySQL Shell 8.0\bin\;C:\Users\yuanl\AppData\Local\Microsoft\WindowsApps;C:\Users\yuanl\AppData\Roaming\npm;D:\tools\sofft\GoLand 2022.1.3\bin;;D:\tools\Microsoft VS Code\bin;C:\Users\yuanl\go\bin;.]
23-Feb-2023 20:04:49.748 信息 [main] org.apache.coyote.AbstractProtocol.init 初始化协议处理器 ["http-nio-8080"]
23-Feb-2023 20:04:49.910 信息 [main] org.apache.coyote.AbstractProtocol.init 初始化协议处理器 ["ajp-nio-8009"]
23-Feb-2023 20:04:49.913 信息 [main] org.apache.catalina.startup.Catalina.load 服务器在[527]毫秒内初始化
23-Feb-2023 20:04:49.937 信息 [main] org.apache.catalina.core.StandardService.startInternal Starting service [Catalina]
23-Feb-2023 20:04:49.937 信息 [main] org.apache.catalina.core.StandardEngine.startInternal Starting Servlet engine: [Apache Tomcat/9.0.x-dev]
23-Feb-2023 20:04:49.947 信息 [main] org.apache.catalina.startup.HostConfig.deployDirectory 把web 应用程序部署到目录 [D:\xm\tomcat9.0.19\catalina-home\webapps\demo]
23-Feb-2023 20:04:51.624 信息 [main] org.apache.jasper.servlet.TldScanner.scanJars è³å°æä¸ä¸ªJARè¢«æ«æç¨äºTLDä½å°æªåå«TLDã ä¸ºæ­¤è®°å½å¨å¯ç¨è°è¯æ¥å¿è®°å½ï¼ä»¥è·åå·²æ«æä½æªå¨å¶ä¸­æ¾å°TLDçå®æ´JARåè¡¨ã å¨æ«ææé´è·³è¿ä¸éè¦çJARå¯ä»¥ç¼©ç­å¯å¨æ¶é´åJSPç¼è¯æ¶é´ã
23-Feb-2023 20:04:51.642 信息 [main] org.apache.catalina.startup.HostConfig.deployDirectory Deployment of web application directory [D:\xm\tomcat9.0.19\catalina-home\webapps\demo] has finished in [1,695] ms
23-Feb-2023 20:04:51.645 信息 [main] org.apache.coyote.AbstractProtocol.start 开始协议处理句柄["http-nio-8080"]
23-Feb-2023 20:04:51.652 信息 [main] org.apache.coyote.AbstractProtocol.start 开始协议处理句柄["ajp-nio-8009"]
23-Feb-2023 20:04:51.654 信息 [main] org.apache.catalina.startup.Catalina.start Server startup in [1,741] milliseconds
23-Feb-2023 20:10:14.311 警告 [main] org.apache.catalina.startup.ClassLoaderFactory.validateFile Problem with directory [D:\xm\tomcat9.0.19\catalina-home\lib], exists: [false], isDirectory: [false], canRead: [false]
23-Feb-2023 20:10:14.315 警告 [main] org.apache.catalina.startup.ClassLoaderFactory.validateFile Problem with directory [D:\xm\tomcat9.0.19\catalina-home\lib], exists: [false], isDirectory: [false], canRead: [false]
23-Feb-2023 20:10:14.315 警告 [main] org.apache.catalina.startup.ClassLoaderFactory.validateFile Problem with directory [D:\xm\tomcat9.0.19\catalina-home\lib], exists: [false], isDirectory: [false], canRead: [false]
23-Feb-2023 20:10:14.315 警告 [main] org.apache.catalina.startup.ClassLoaderFactory.validateFile Problem with directory [D:\xm\tomcat9.0.19\catalina-home\lib], exists: [false], isDirectory: [false], canRead: [false]
23-Feb-2023 20:10:14.336 严重 [main] org.apache.catalina.startup.Catalina.initDirs Cannot find specified temporary folder at [catalina-home/temp]
23-Feb-2023 20:10:14.609 信息 [main] org.apache.catalina.startup.VersionLoggerListener.log Server.æå¡å¨çæ¬:        Apache Tomcat/9.0.x-dev
23-Feb-2023 20:10:14.609 信息 [main] org.apache.catalina.startup.VersionLoggerListener.log Server.æå»º:          unknown
23-Feb-2023 20:10:14.609 信息 [main] org.apache.catalina.startup.VersionLoggerListener.log Server version number: 9.0.x
23-Feb-2023 20:10:14.609 信息 [main] org.apache.catalina.startup.VersionLoggerListener.log OS Name:               Windows 10
23-Feb-2023 20:10:14.609 信息 [main] org.apache.catalina.startup.VersionLoggerListener.log OS.çæ¬:            10.0
23-Feb-2023 20:10:14.609 信息 [main] org.apache.catalina.startup.VersionLoggerListener.log ç».é :          amd64
23-Feb-2023 20:10:14.609 信息 [main] org.apache.catalina.startup.VersionLoggerListener.log Java ç¯å¢åé:             C:\Program Files\Java\jdk1.8.0_211\jre
23-Feb-2023 20:10:14.609 信息 [main] org.apache.catalina.startup.VersionLoggerListener.log JVM çæ¬:           1.8.0_211-b12
23-Feb-2023 20:10:14.609 信息 [main] org.apache.catalina.startup.VersionLoggerListener.log JVM.ä¾åºå:            Oracle Corporation
23-Feb-2023 20:10:14.609 信息 [main] org.apache.catalina.startup.VersionLoggerListener.log CATALINA_BASE:         D:\xm\tomcat9.0.19\catalina-home
23-Feb-2023 20:10:14.609 信息 [main] org.apache.catalina.startup.VersionLoggerListener.log CATALINA_HOME:         D:\xm\tomcat9.0.19\catalina-home
23-Feb-2023 20:10:14.609 信息 [main] org.apache.catalina.startup.VersionLoggerListener.log Command line argument: -Dfile.encoding=UTF-8
23-Feb-2023 20:10:14.609 信息 [main] org.apache.catalina.startup.VersionLoggerListener.log Command line argument: -Dcatalina.home=catalina-home
23-Feb-2023 20:10:14.609 信息 [main] org.apache.catalina.startup.VersionLoggerListener.log Command line argument: -Dcatalina.base=catalina-home
23-Feb-2023 20:10:14.610 信息 [main] org.apache.catalina.startup.VersionLoggerListener.log Command line argument: -Djava.endorsed.dirs=catalina-home/endorsed
23-Feb-2023 20:10:14.610 信息 [main] org.apache.catalina.startup.VersionLoggerListener.log Command line argument: -Djava.io.tmpdir=catalina-home/temp
23-Feb-2023 20:10:14.610 信息 [main] org.apache.catalina.startup.VersionLoggerListener.log Command line argument: -Djava.util.logging.manager=org.apache.juli.ClassLoaderLogManager
23-Feb-2023 20:10:14.610 信息 [main] org.apache.catalina.startup.VersionLoggerListener.log Command line argument: -Djava.util.logging.config.file=catalina-home/conf/logging.properties
23-Feb-2023 20:10:14.610 信息 [main] org.apache.catalina.startup.VersionLoggerListener.log Command line argument: -javaagent:D:\idea\IntelliJ IDEA 2020.3.4\lib\idea_rt.jar=12909:D:\idea\IntelliJ IDEA 2020.3.4\bin
23-Feb-2023 20:10:14.610 信息 [main] org.apache.catalina.core.AprLifecycleListener.lifecycleEvent The APR based Apache Tomcat Native library which allows optimal performance in production environments was not found on the java.library.path: [C:\Program Files\Java\jdk1.8.0_211\bin;C:\Windows\Sun\Java\bin;C:\Windows\system32;C:\Windows;C:\Program Files\Java\jdk-11.0.17\bin;C:\Program Files\Java\jdk-11.0.17\jre\bin;C:\Program Files\Common Files\Oracle\Java\javapath;C:\Program Files (x86)\Common Files\Oracle\Java\javapath;C:\Windows\system32;C:\Windows;C:\Windows\System32\Wbem;C:\Windows\System32\WindowsPowerShell\v1.0\;C:\Windows\System32\OpenSSH\;D:\tools\sofft\xshell\;D:\tools\sofft\git\Git\cmd;D:\node\;D:\maven\maven\apache-maven-3.3.9\bin;D:\rocketmq-all-4.7.0-bin-release\bin;C:\Program Files\Go\bin;C:\Program Files (x86)\Tencent\微信web开发者工具\dll;C:\Program Files\protoc-3.13.0-win64\bin;C:\Users\yuanl\go\bin;D:\tools\protoc-3.13.0-win64\bin;;C:\Program Files\Docker\Docker\resources\bin;D:\ant\apache-ant-1.10.12\bin;C:\Users\yuanl\AppData\Local\Programs\Python\Python310\Scripts\;C:\Users\yuanl\AppData\Local\Programs\Python\Python310\;C:\Program Files\MySQL\MySQL Shell 8.0\bin\;C:\Users\yuanl\AppData\Local\Microsoft\WindowsApps;C:\Users\yuanl\AppData\Roaming\npm;D:\tools\sofft\GoLand 2022.1.3\bin;;D:\tools\Microsoft VS Code\bin;C:\Users\yuanl\go\bin;.]
23-Feb-2023 20:10:14.697 信息 [main] org.apache.coyote.AbstractProtocol.init åå§ååè®®å¤çå¨ ["http-nio-8080"]
23-Feb-2023 20:10:14.855 信息 [main] org.apache.coyote.AbstractProtocol.init åå§ååè®®å¤çå¨ ["ajp-nio-8009"]
23-Feb-2023 20:10:14.859 信息 [main] org.apache.catalina.startup.Catalina.load æå¡å¨å¨[520]æ¯«ç§ååå§å
23-Feb-2023 20:10:14.885 信息 [main] org.apache.catalina.core.StandardService.startInternal Starting service [Catalina]
23-Feb-2023 20:10:14.885 信息 [main] org.apache.catalina.core.StandardEngine.startInternal Starting Servlet engine: [Apache Tomcat/9.0.x-dev]
23-Feb-2023 20:10:14.894 信息 [main] org.apache.catalina.startup.HostConfig.deployDirectory æweb åºç¨ç¨åºé¨ç½²å°ç®å½ [D:\xm\tomcat9.0.19\catalina-home\webapps\demo]
23-Feb-2023 20:10:16.562 信息 [main] org.apache.jasper.servlet.TldScanner.scanJars è³å°æä¸ä¸ªJARè¢«æ«æç¨äºTLDä½å°æªåå«TLDã ä¸ºæ­¤è®°å½å¨å¯ç¨è°è¯æ¥å¿è®°å½ï¼ä»¥è·åå·²æ«æä½æªå¨å¶ä¸­æ¾å°TLDçå®æ´JARåè¡¨ã å¨æ«ææé´è·³è¿ä¸éè¦çJARå¯ä»¥ç¼©ç­å¯å¨æ¶é´åJSPç¼è¯æ¶é´ã
23-Feb-2023 20:10:16.580 信息 [main] org.apache.catalina.startup.HostConfig.deployDirectory Deployment of web application directory [D:\xm\tomcat9.0.19\catalina-home\webapps\demo] has finished in [1,686] ms
23-Feb-2023 20:10:16.584 信息 [main] org.apache.coyote.AbstractProtocol.start å¼å§åè®®å¤çå¥æ["http-nio-8080"]
23-Feb-2023 20:10:16.592 信息 [main] org.apache.coyote.AbstractProtocol.start å¼å§åè®®å¤çå¥æ["ajp-nio-8009"]
23-Feb-2023 20:10:16.593 信息 [main] org.apache.catalina.startup.Catalina.start Server startup in [1,733] milliseconds
23-Feb-2023 20:11:17.787 警告 [main] org.apache.catalina.startup.ClassLoaderFactory.validateFile Problem with directory [D:\xm\tomcat9.0.19\catalina-home\lib], exists: [false], isDirectory: [false], canRead: [false]
23-Feb-2023 20:11:17.791 警告 [main] org.apache.catalina.startup.ClassLoaderFactory.validateFile Problem with directory [D:\xm\tomcat9.0.19\catalina-home\lib], exists: [false], isDirectory: [false], canRead: [false]
23-Feb-2023 20:11:17.791 警告 [main] org.apache.catalina.startup.ClassLoaderFactory.validateFile Problem with directory [D:\xm\tomcat9.0.19\catalina-home\lib], exists: [false], isDirectory: [false], canRead: [false]
23-Feb-2023 20:11:17.791 警告 [main] org.apache.catalina.startup.ClassLoaderFactory.validateFile Problem with directory [D:\xm\tomcat9.0.19\catalina-home\lib], exists: [false], isDirectory: [false], canRead: [false]
23-Feb-2023 20:11:17.813 严重 [main] org.apache.catalina.startup.Catalina.initDirs Cannot find specified temporary folder at [catalina-home/temp]
23-Feb-2023 20:11:18.097 信息 [main] org.apache.catalina.startup.VersionLoggerListener.log Server.服务器版本:        Apache Tomcat/9.0.x-dev
23-Feb-2023 20:11:18.097 信息 [main] org.apache.catalina.startup.VersionLoggerListener.log Server.构建:          unknown
23-Feb-2023 20:11:18.097 信息 [main] org.apache.catalina.startup.VersionLoggerListener.log Server version number: 9.0.x
23-Feb-2023 20:11:18.097 信息 [main] org.apache.catalina.startup.VersionLoggerListener.log OS Name:               Windows 10
23-Feb-2023 20:11:18.098 信息 [main] org.apache.catalina.startup.VersionLoggerListener.log OS.版本:            10.0
23-Feb-2023 20:11:18.098 信息 [main] org.apache.catalina.startup.VersionLoggerListener.log 结.造:          amd64
23-Feb-2023 20:11:18.098 信息 [main] org.apache.catalina.startup.VersionLoggerListener.log Java 环境变量:             C:\Program Files\Java\jdk1.8.0_211\jre
23-Feb-2023 20:11:18.098 信息 [main] org.apache.catalina.startup.VersionLoggerListener.log JVM 版本:           1.8.0_211-b12
23-Feb-2023 20:11:18.098 信息 [main] org.apache.catalina.startup.VersionLoggerListener.log JVM.供应商:            Oracle Corporation
23-Feb-2023 20:11:18.098 信息 [main] org.apache.catalina.startup.VersionLoggerListener.log CATALINA_BASE:         D:\xm\tomcat9.0.19\catalina-home
23-Feb-2023 20:11:18.098 信息 [main] org.apache.catalina.startup.VersionLoggerListener.log CATALINA_HOME:         D:\xm\tomcat9.0.19\catalina-home
23-Feb-2023 20:11:18.098 信息 [main] org.apache.catalina.startup.VersionLoggerListener.log Command line argument: -Dfile.encoding=UTF-8
23-Feb-2023 20:11:18.098 信息 [main] org.apache.catalina.startup.VersionLoggerListener.log Command line argument: -Dcatalina.home=catalina-home
23-Feb-2023 20:11:18.098 信息 [main] org.apache.catalina.startup.VersionLoggerListener.log Command line argument: -Dcatalina.base=catalina-home
23-Feb-2023 20:11:18.098 信息 [main] org.apache.catalina.startup.VersionLoggerListener.log Command line argument: -Djava.endorsed.dirs=catalina-home/endorsed
23-Feb-2023 20:11:18.099 信息 [main] org.apache.catalina.startup.VersionLoggerListener.log Command line argument: -Djava.io.tmpdir=catalina-home/temp
23-Feb-2023 20:11:18.099 信息 [main] org.apache.catalina.startup.VersionLoggerListener.log Command line argument: -Djava.util.logging.manager=org.apache.juli.ClassLoaderLogManager
23-Feb-2023 20:11:18.099 信息 [main] org.apache.catalina.startup.VersionLoggerListener.log Command line argument: -Djava.util.logging.config.file=catalina-home/conf/logging.properties
23-Feb-2023 20:11:18.099 信息 [main] org.apache.catalina.startup.VersionLoggerListener.log Command line argument: -javaagent:D:\idea\IntelliJ IDEA 2020.3.4\lib\idea_rt.jar=12944:D:\idea\IntelliJ IDEA 2020.3.4\bin
23-Feb-2023 20:11:18.099 信息 [main] org.apache.catalina.core.AprLifecycleListener.lifecycleEvent The APR based Apache Tomcat Native library which allows optimal performance in production environments was not found on the java.library.path: [C:\Program Files\Java\jdk1.8.0_211\bin;C:\Windows\Sun\Java\bin;C:\Windows\system32;C:\Windows;C:\Program Files\Java\jdk-11.0.17\bin;C:\Program Files\Java\jdk-11.0.17\jre\bin;C:\Program Files\Common Files\Oracle\Java\javapath;C:\Program Files (x86)\Common Files\Oracle\Java\javapath;C:\Windows\system32;C:\Windows;C:\Windows\System32\Wbem;C:\Windows\System32\WindowsPowerShell\v1.0\;C:\Windows\System32\OpenSSH\;D:\tools\sofft\xshell\;D:\tools\sofft\git\Git\cmd;D:\node\;D:\maven\maven\apache-maven-3.3.9\bin;D:\rocketmq-all-4.7.0-bin-release\bin;C:\Program Files\Go\bin;C:\Program Files (x86)\Tencent\微信web开发者工具\dll;C:\Program Files\protoc-3.13.0-win64\bin;C:\Users\yuanl\go\bin;D:\tools\protoc-3.13.0-win64\bin;;C:\Program Files\Docker\Docker\resources\bin;D:\ant\apache-ant-1.10.12\bin;C:\Users\yuanl\AppData\Local\Programs\Python\Python310\Scripts\;C:\Users\yuanl\AppData\Local\Programs\Python\Python310\;C:\Program Files\MySQL\MySQL Shell 8.0\bin\;C:\Users\yuanl\AppData\Local\Microsoft\WindowsApps;C:\Users\yuanl\AppData\Roaming\npm;D:\tools\sofft\GoLand 2022.1.3\bin;;D:\tools\Microsoft VS Code\bin;C:\Users\yuanl\go\bin;.]
23-Feb-2023 20:11:18.185 信息 [main] org.apache.coyote.AbstractProtocol.init 初始化协议处理器 ["http-nio-8080"]
23-Feb-2023 20:11:18.344 信息 [main] org.apache.coyote.AbstractProtocol.init 初始化协议处理器 ["ajp-nio-8009"]
23-Feb-2023 20:11:18.348 信息 [main] org.apache.catalina.startup.Catalina.load 服务器在[533]毫秒内初始化
23-Feb-2023 20:11:18.373 信息 [main] org.apache.catalina.core.StandardService.startInternal Starting service [Catalina]
23-Feb-2023 20:11:18.373 信息 [main] org.apache.catalina.core.StandardEngine.startInternal Starting Servlet engine: [Apache Tomcat/9.0.x-dev]
23-Feb-2023 20:11:18.382 信息 [main] org.apache.catalina.startup.HostConfig.deployDirectory 把web 应用程序部署到目录 [D:\xm\tomcat9.0.19\catalina-home\webapps\demo]
23-Feb-2023 20:11:20.116 信息 [main] org.apache.jasper.servlet.TldScanner.scanJars è³å°æä¸ä¸ªJARè¢«æ«æç¨äºTLDä½å°æªåå«TLDã ä¸ºæ­¤è®°å½å¨å¯ç¨è°è¯æ¥å¿è®°å½ï¼ä»¥è·åå·²æ«æä½æªå¨å¶ä¸­æ¾å°TLDçå®æ´JARåè¡¨ã å¨æ«ææé´è·³è¿ä¸éè¦çJARå¯ä»¥ç¼©ç­å¯å¨æ¶é´åJSPç¼è¯æ¶é´ã
23-Feb-2023 20:11:20.133 信息 [main] org.apache.catalina.startup.HostConfig.deployDirectory Deployment of web application directory [D:\xm\tomcat9.0.19\catalina-home\webapps\demo] has finished in [1,751] ms
23-Feb-2023 20:11:20.137 信息 [main] org.apache.coyote.AbstractProtocol.start 开始协议处理句柄["http-nio-8080"]
23-Feb-2023 20:11:20.144 信息 [main] org.apache.coyote.AbstractProtocol.start 开始协议处理句柄["ajp-nio-8009"]
23-Feb-2023 20:11:20.146 信息 [main] org.apache.catalina.startup.Catalina.start Server startup in [1,798] milliseconds
23-Feb-2023 20:11:36.990 警告 [main] org.apache.catalina.startup.ClassLoaderFactory.validateFile Problem with directory [D:\xm\tomcat9.0.19\catalina-home\lib], exists: [false], isDirectory: [false], canRead: [false]
23-Feb-2023 20:11:36.995 警告 [main] org.apache.catalina.startup.ClassLoaderFactory.validateFile Problem with directory [D:\xm\tomcat9.0.19\catalina-home\lib], exists: [false], isDirectory: [false], canRead: [false]
23-Feb-2023 20:11:36.995 警告 [main] org.apache.catalina.startup.ClassLoaderFactory.validateFile Problem with directory [D:\xm\tomcat9.0.19\catalina-home\lib], exists: [false], isDirectory: [false], canRead: [false]
23-Feb-2023 20:11:36.995 警告 [main] org.apache.catalina.startup.ClassLoaderFactory.validateFile Problem with directory [D:\xm\tomcat9.0.19\catalina-home\lib], exists: [false], isDirectory: [false], canRead: [false]
23-Feb-2023 20:11:37.014 严重 [main] org.apache.catalina.startup.Catalina.initDirs Cannot find specified temporary folder at [catalina-home/temp]
23-Feb-2023 20:11:37.289 信息 [main] org.apache.catalina.startup.VersionLoggerListener.log Server.服务器版本:        Apache Tomcat/9.0.x-dev
23-Feb-2023 20:11:37.289 信息 [main] org.apache.catalina.startup.VersionLoggerListener.log Server.构建:          unknown
23-Feb-2023 20:11:37.289 信息 [main] org.apache.catalina.startup.VersionLoggerListener.log Server version number: 9.0.x
23-Feb-2023 20:11:37.289 信息 [main] org.apache.catalina.startup.VersionLoggerListener.log OS Name:               Windows 10
23-Feb-2023 20:11:37.289 信息 [main] org.apache.catalina.startup.VersionLoggerListener.log OS.版本:            10.0
23-Feb-2023 20:11:37.290 信息 [main] org.apache.catalina.startup.VersionLoggerListener.log 结.造:          amd64
23-Feb-2023 20:11:37.290 信息 [main] org.apache.catalina.startup.VersionLoggerListener.log Java 环境变量:             C:\Program Files\Java\jdk1.8.0_211\jre
23-Feb-2023 20:11:37.290 信息 [main] org.apache.catalina.startup.VersionLoggerListener.log JVM 版本:           1.8.0_211-b12
23-Feb-2023 20:11:37.290 信息 [main] org.apache.catalina.startup.VersionLoggerListener.log JVM.供应商:            Oracle Corporation
23-Feb-2023 20:11:37.290 信息 [main] org.apache.catalina.startup.VersionLoggerListener.log CATALINA_BASE:         D:\xm\tomcat9.0.19\catalina-home
23-Feb-2023 20:11:37.290 信息 [main] org.apache.catalina.startup.VersionLoggerListener.log CATALINA_HOME:         D:\xm\tomcat9.0.19\catalina-home
23-Feb-2023 20:11:37.290 信息 [main] org.apache.catalina.startup.VersionLoggerListener.log Command line argument: -Dfile.encoding=UTF-8
23-Feb-2023 20:11:37.290 信息 [main] org.apache.catalina.startup.VersionLoggerListener.log Command line argument: -Dcatalina.home=catalina-home
23-Feb-2023 20:11:37.290 信息 [main] org.apache.catalina.startup.VersionLoggerListener.log Command line argument: -Dcatalina.base=catalina-home
23-Feb-2023 20:11:37.290 信息 [main] org.apache.catalina.startup.VersionLoggerListener.log Command line argument: -Djava.endorsed.dirs=catalina-home/endorsed
23-Feb-2023 20:11:37.290 信息 [main] org.apache.catalina.startup.VersionLoggerListener.log Command line argument: -Djava.io.tmpdir=catalina-home/temp
23-Feb-2023 20:11:37.290 信息 [main] org.apache.catalina.startup.VersionLoggerListener.log Command line argument: -Djava.util.logging.manager=org.apache.juli.ClassLoaderLogManager
23-Feb-2023 20:11:37.290 信息 [main] org.apache.catalina.startup.VersionLoggerListener.log Command line argument: -Djava.util.logging.config.file=catalina-home/conf/logging.properties
23-Feb-2023 20:11:37.291 信息 [main] org.apache.catalina.startup.VersionLoggerListener.log Command line argument: -javaagent:D:\idea\IntelliJ IDEA 2020.3.4\lib\idea_rt.jar=12968:D:\idea\IntelliJ IDEA 2020.3.4\bin
23-Feb-2023 20:11:37.291 信息 [main] org.apache.catalina.core.AprLifecycleListener.lifecycleEvent The APR based Apache Tomcat Native library which allows optimal performance in production environments was not found on the java.library.path: [C:\Program Files\Java\jdk1.8.0_211\bin;C:\Windows\Sun\Java\bin;C:\Windows\system32;C:\Windows;C:\Program Files\Java\jdk-11.0.17\bin;C:\Program Files\Java\jdk-11.0.17\jre\bin;C:\Program Files\Common Files\Oracle\Java\javapath;C:\Program Files (x86)\Common Files\Oracle\Java\javapath;C:\Windows\system32;C:\Windows;C:\Windows\System32\Wbem;C:\Windows\System32\WindowsPowerShell\v1.0\;C:\Windows\System32\OpenSSH\;D:\tools\sofft\xshell\;D:\tools\sofft\git\Git\cmd;D:\node\;D:\maven\maven\apache-maven-3.3.9\bin;D:\rocketmq-all-4.7.0-bin-release\bin;C:\Program Files\Go\bin;C:\Program Files (x86)\Tencent\微信web开发者工具\dll;C:\Program Files\protoc-3.13.0-win64\bin;C:\Users\yuanl\go\bin;D:\tools\protoc-3.13.0-win64\bin;;C:\Program Files\Docker\Docker\resources\bin;D:\ant\apache-ant-1.10.12\bin;C:\Users\yuanl\AppData\Local\Programs\Python\Python310\Scripts\;C:\Users\yuanl\AppData\Local\Programs\Python\Python310\;C:\Program Files\MySQL\MySQL Shell 8.0\bin\;C:\Users\yuanl\AppData\Local\Microsoft\WindowsApps;C:\Users\yuanl\AppData\Roaming\npm;D:\tools\sofft\GoLand 2022.1.3\bin;;D:\tools\Microsoft VS Code\bin;C:\Users\yuanl\go\bin;.]
23-Feb-2023 20:11:37.380 信息 [main] org.apache.coyote.AbstractProtocol.init 初始化协议处理器 ["http-nio-8080"]
23-Feb-2023 20:11:37.533 信息 [main] org.apache.coyote.AbstractProtocol.init 初始化协议处理器 ["ajp-nio-8009"]
23-Feb-2023 20:11:37.536 信息 [main] org.apache.catalina.startup.Catalina.load 服务器在[519]毫秒内初始化
23-Feb-2023 20:11:37.563 信息 [main] org.apache.catalina.core.StandardService.startInternal Starting service [Catalina]
23-Feb-2023 20:11:37.563 信息 [main] org.apache.catalina.core.StandardEngine.startInternal Starting Servlet engine: [Apache Tomcat/9.0.x-dev]
23-Feb-2023 20:11:37.571 信息 [main] org.apache.catalina.startup.HostConfig.deployDirectory 把web 应用程序部署到目录 [D:\xm\tomcat9.0.19\catalina-home\webapps\demo]
23-Feb-2023 20:11:39.264 信息 [main] org.apache.jasper.servlet.TldScanner.scanJars è³å°æä¸ä¸ªJARè¢«æ«æç¨äºTLDä½å°æªåå«TLDã ä¸ºæ­¤è®°å½å¨å¯ç¨è°è¯æ¥å¿è®°å½ï¼ä»¥è·åå·²æ«æä½æªå¨å¶ä¸­æ¾å°TLDçå®æ´JARåè¡¨ã å¨æ«ææé´è·³è¿ä¸éè¦çJARå¯ä»¥ç¼©ç­å¯å¨æ¶é´åJSPç¼è¯æ¶é´ã
23-Feb-2023 20:11:39.282 信息 [main] org.apache.catalina.startup.HostConfig.deployDirectory Deployment of web application directory [D:\xm\tomcat9.0.19\catalina-home\webapps\demo] has finished in [1,710] ms
23-Feb-2023 20:11:39.285 信息 [main] org.apache.coyote.AbstractProtocol.start 开始协议处理句柄["http-nio-8080"]
23-Feb-2023 20:11:39.292 信息 [main] org.apache.coyote.AbstractProtocol.start 开始协议处理句柄["ajp-nio-8009"]
23-Feb-2023 20:11:39.294 信息 [main] org.apache.catalina.startup.Catalina.start Server startup in [1,758] milliseconds
23-Feb-2023 20:12:33.474 警告 [main] org.apache.catalina.startup.ClassLoaderFactory.validateFile Problem with directory [D:\xm\tomcat9.0.19\catalina-home\lib], exists: [false], isDirectory: [false], canRead: [false]
23-Feb-2023 20:12:33.479 警告 [main] org.apache.catalina.startup.ClassLoaderFactory.validateFile Problem with directory [D:\xm\tomcat9.0.19\catalina-home\lib], exists: [false], isDirectory: [false], canRead: [false]
23-Feb-2023 20:12:33.479 警告 [main] org.apache.catalina.startup.ClassLoaderFactory.validateFile Problem with directory [D:\xm\tomcat9.0.19\catalina-home\lib], exists: [false], isDirectory: [false], canRead: [false]
23-Feb-2023 20:12:33.479 警告 [main] org.apache.catalina.startup.ClassLoaderFactory.validateFile Problem with directory [D:\xm\tomcat9.0.19\catalina-home\lib], exists: [false], isDirectory: [false], canRead: [false]
23-Feb-2023 20:12:33.498 严重 [main] org.apache.catalina.startup.Catalina.initDirs Cannot find specified temporary folder at [catalina-home/temp]
23-Feb-2023 20:12:33.770 信息 [main] org.apache.catalina.startup.VersionLoggerListener.log Server.æå¡å¨çæ¬:        Apache Tomcat/9.0.x-dev
23-Feb-2023 20:12:33.770 信息 [main] org.apache.catalina.startup.VersionLoggerListener.log Server.æå»º:          unknown
23-Feb-2023 20:12:33.770 信息 [main] org.apache.catalina.startup.VersionLoggerListener.log Server version number: 9.0.x
23-Feb-2023 20:12:33.770 信息 [main] org.apache.catalina.startup.VersionLoggerListener.log OS Name:               Windows 10
23-Feb-2023 20:12:33.770 信息 [main] org.apache.catalina.startup.VersionLoggerListener.log OS.çæ¬:            10.0
23-Feb-2023 20:12:33.770 信息 [main] org.apache.catalina.startup.VersionLoggerListener.log ç».é :          amd64
23-Feb-2023 20:12:33.770 信息 [main] org.apache.catalina.startup.VersionLoggerListener.log Java ç¯å¢åé:             C:\Program Files\Java\jdk1.8.0_211\jre
23-Feb-2023 20:12:33.770 信息 [main] org.apache.catalina.startup.VersionLoggerListener.log JVM çæ¬:           1.8.0_211-b12
23-Feb-2023 20:12:33.770 信息 [main] org.apache.catalina.startup.VersionLoggerListener.log JVM.ä¾åºå:            Oracle Corporation
23-Feb-2023 20:12:33.770 信息 [main] org.apache.catalina.startup.VersionLoggerListener.log CATALINA_BASE:         D:\xm\tomcat9.0.19\catalina-home
23-Feb-2023 20:12:33.771 信息 [main] org.apache.catalina.startup.VersionLoggerListener.log CATALINA_HOME:         D:\xm\tomcat9.0.19\catalina-home
23-Feb-2023 20:12:33.771 信息 [main] org.apache.catalina.startup.VersionLoggerListener.log Command line argument: -Dfile.encoding=UTF-8
23-Feb-2023 20:12:33.771 信息 [main] org.apache.catalina.startup.VersionLoggerListener.log Command line argument: -Dcatalina.home=catalina-home
23-Feb-2023 20:12:33.771 信息 [main] org.apache.catalina.startup.VersionLoggerListener.log Command line argument: -Dcatalina.base=catalina-home
23-Feb-2023 20:12:33.771 信息 [main] org.apache.catalina.startup.VersionLoggerListener.log Command line argument: -Djava.endorsed.dirs=catalina-home/endorsed
23-Feb-2023 20:12:33.771 信息 [main] org.apache.catalina.startup.VersionLoggerListener.log Command line argument: -Djava.io.tmpdir=catalina-home/temp
23-Feb-2023 20:12:33.771 信息 [main] org.apache.catalina.startup.VersionLoggerListener.log Command line argument: -Djava.util.logging.manager=org.apache.juli.ClassLoaderLogManager
23-Feb-2023 20:12:33.771 信息 [main] org.apache.catalina.startup.VersionLoggerListener.log Command line argument: -Djava.util.logging.config.file=catalina-home/conf/logging.properties
23-Feb-2023 20:12:33.771 信息 [main] org.apache.catalina.startup.VersionLoggerListener.log Command line argument: -javaagent:D:\idea\IntelliJ IDEA 2020.3.4\lib\idea_rt.jar=13016:D:\idea\IntelliJ IDEA 2020.3.4\bin
23-Feb-2023 20:12:33.771 信息 [main] org.apache.catalina.core.AprLifecycleListener.lifecycleEvent The APR based Apache Tomcat Native library which allows optimal performance in production environments was not found on the java.library.path: [C:\Program Files\Java\jdk1.8.0_211\bin;C:\Windows\Sun\Java\bin;C:\Windows\system32;C:\Windows;C:\Program Files\Java\jdk-11.0.17\bin;C:\Program Files\Java\jdk-11.0.17\jre\bin;C:\Program Files\Common Files\Oracle\Java\javapath;C:\Program Files (x86)\Common Files\Oracle\Java\javapath;C:\Windows\system32;C:\Windows;C:\Windows\System32\Wbem;C:\Windows\System32\WindowsPowerShell\v1.0\;C:\Windows\System32\OpenSSH\;D:\tools\sofft\xshell\;D:\tools\sofft\git\Git\cmd;D:\node\;D:\maven\maven\apache-maven-3.3.9\bin;D:\rocketmq-all-4.7.0-bin-release\bin;C:\Program Files\Go\bin;C:\Program Files (x86)\Tencent\微信web开发者工具\dll;C:\Program Files\protoc-3.13.0-win64\bin;C:\Users\yuanl\go\bin;D:\tools\protoc-3.13.0-win64\bin;;C:\Program Files\Docker\Docker\resources\bin;D:\ant\apache-ant-1.10.12\bin;C:\Users\yuanl\AppData\Local\Programs\Python\Python310\Scripts\;C:\Users\yuanl\AppData\Local\Programs\Python\Python310\;C:\Program Files\MySQL\MySQL Shell 8.0\bin\;C:\Users\yuanl\AppData\Local\Microsoft\WindowsApps;C:\Users\yuanl\AppData\Roaming\npm;D:\tools\sofft\GoLand 2022.1.3\bin;;D:\tools\Microsoft VS Code\bin;C:\Users\yuanl\go\bin;.]
23-Feb-2023 20:12:33.857 信息 [main] org.apache.coyote.AbstractProtocol.init åå§ååè®®å¤çå¨ ["http-nio-8080"]
23-Feb-2023 20:12:34.015 信息 [main] org.apache.coyote.AbstractProtocol.init åå§ååè®®å¤çå¨ ["ajp-nio-8009"]
23-Feb-2023 20:12:34.018 信息 [main] org.apache.catalina.startup.Catalina.load æå¡å¨å¨[518]æ¯«ç§ååå§å
23-Feb-2023 20:12:34.045 信息 [main] org.apache.catalina.core.StandardService.startInternal Starting service [Catalina]
23-Feb-2023 20:12:34.045 信息 [main] org.apache.catalina.core.StandardEngine.startInternal Starting Servlet engine: [Apache Tomcat/9.0.x-dev]
23-Feb-2023 20:12:34.053 信息 [main] org.apache.catalina.startup.HostConfig.deployDirectory æweb åºç¨ç¨åºé¨ç½²å°ç®å½ [D:\xm\tomcat9.0.19\catalina-home\webapps\demo]
23-Feb-2023 20:12:35.735 信息 [main] org.apache.jasper.servlet.TldScanner.scanJars è³å°æä¸ä¸ªJARè¢«æ«æç¨äºTLDä½å°æªåå«TLDã ä¸ºæ­¤è®°å½å¨å¯ç¨è°è¯æ¥å¿è®°å½ï¼ä»¥è·åå·²æ«æä½æªå¨å¶ä¸­æ¾å°TLDçå®æ´JARåè¡¨ã å¨æ«ææé´è·³è¿ä¸éè¦çJARå¯ä»¥ç¼©ç­å¯å¨æ¶é´åJSPç¼è¯æ¶é´ã
23-Feb-2023 20:12:35.753 信息 [main] org.apache.catalina.startup.HostConfig.deployDirectory Deployment of web application directory [D:\xm\tomcat9.0.19\catalina-home\webapps\demo] has finished in [1,700] ms
23-Feb-2023 20:12:35.756 信息 [main] org.apache.coyote.AbstractProtocol.start å¼å§åè®®å¤çå¥æ["http-nio-8080"]
23-Feb-2023 20:12:35.764 信息 [main] org.apache.coyote.AbstractProtocol.start å¼å§åè®®å¤çå¥æ["ajp-nio-8009"]
23-Feb-2023 20:12:35.766 信息 [main] org.apache.catalina.startup.Catalina.start Server startup in [1,747] milliseconds
23-Feb-2023 20:12:49.481 警告 [main] org.apache.catalina.startup.ClassLoaderFactory.validateFile Problem with directory [D:\xm\tomcat9.0.19\catalina-home\lib], exists: [false], isDirectory: [false], canRead: [false]
23-Feb-2023 20:12:49.486 警告 [main] org.apache.catalina.startup.ClassLoaderFactory.validateFile Problem with directory [D:\xm\tomcat9.0.19\catalina-home\lib], exists: [false], isDirectory: [false], canRead: [false]
23-Feb-2023 20:12:49.487 警告 [main] org.apache.catalina.startup.ClassLoaderFactory.validateFile Problem with directory [D:\xm\tomcat9.0.19\catalina-home\lib], exists: [false], isDirectory: [false], canRead: [false]
23-Feb-2023 20:12:49.487 警告 [main] org.apache.catalina.startup.ClassLoaderFactory.validateFile Problem with directory [D:\xm\tomcat9.0.19\catalina-home\lib], exists: [false], isDirectory: [false], canRead: [false]
23-Feb-2023 20:12:49.508 严重 [main] org.apache.catalina.startup.Catalina.initDirs Cannot find specified temporary folder at [catalina-home/temp]
23-Feb-2023 20:12:49.789 信息 [main] org.apache.catalina.startup.VersionLoggerListener.log Server.æå¡å¨çæ¬:        Apache Tomcat/9.0.x-dev
23-Feb-2023 20:12:49.789 信息 [main] org.apache.catalina.startup.VersionLoggerListener.log Server.æå»º:          unknown
23-Feb-2023 20:12:49.789 信息 [main] org.apache.catalina.startup.VersionLoggerListener.log Server version number: 9.0.x
23-Feb-2023 20:12:49.789 信息 [main] org.apache.catalina.startup.VersionLoggerListener.log OS Name:               Windows 10
23-Feb-2023 20:12:49.789 信息 [main] org.apache.catalina.startup.VersionLoggerListener.log OS.çæ¬:            10.0
23-Feb-2023 20:12:49.790 信息 [main] org.apache.catalina.startup.VersionLoggerListener.log ç».é :          amd64
23-Feb-2023 20:12:49.790 信息 [main] org.apache.catalina.startup.VersionLoggerListener.log Java ç¯å¢åé:             C:\Program Files\Java\jdk1.8.0_211\jre
23-Feb-2023 20:12:49.790 信息 [main] org.apache.catalina.startup.VersionLoggerListener.log JVM çæ¬:           1.8.0_211-b12
23-Feb-2023 20:12:49.790 信息 [main] org.apache.catalina.startup.VersionLoggerListener.log JVM.ä¾åºå:            Oracle Corporation
23-Feb-2023 20:12:49.790 信息 [main] org.apache.catalina.startup.VersionLoggerListener.log CATALINA_BASE:         D:\xm\tomcat9.0.19\catalina-home
23-Feb-2023 20:12:49.790 信息 [main] org.apache.catalina.startup.VersionLoggerListener.log CATALINA_HOME:         D:\xm\tomcat9.0.19\catalina-home
23-Feb-2023 20:12:49.790 信息 [main] org.apache.catalina.startup.VersionLoggerListener.log Command line argument: -Dfile.encoding=UTF-8
23-Feb-2023 20:12:49.790 信息 [main] org.apache.catalina.startup.VersionLoggerListener.log Command line argument: -Dcatalina.home=catalina-home
23-Feb-2023 20:12:49.790 信息 [main] org.apache.catalina.startup.VersionLoggerListener.log Command line argument: -Dcatalina.base=catalina-home
23-Feb-2023 20:12:49.790 信息 [main] org.apache.catalina.startup.VersionLoggerListener.log Command line argument: -Djava.endorsed.dirs=catalina-home/endorsed
23-Feb-2023 20:12:49.790 信息 [main] org.apache.catalina.startup.VersionLoggerListener.log Command line argument: -Djava.io.tmpdir=catalina-home/temp
23-Feb-2023 20:12:49.790 信息 [main] org.apache.catalina.startup.VersionLoggerListener.log Command line argument: -Djava.util.logging.manager=org.apache.juli.ClassLoaderLogManager
23-Feb-2023 20:12:49.790 信息 [main] org.apache.catalina.startup.VersionLoggerListener.log Command line argument: -Djava.util.logging.config.file=catalina-home/conf/logging.properties
23-Feb-2023 20:12:49.790 信息 [main] org.apache.catalina.startup.VersionLoggerListener.log Command line argument: -javaagent:D:\idea\IntelliJ IDEA 2020.3.4\lib\idea_rt.jar=13046:D:\idea\IntelliJ IDEA 2020.3.4\bin
23-Feb-2023 20:12:49.790 信息 [main] org.apache.catalina.core.AprLifecycleListener.lifecycleEvent The APR based Apache Tomcat Native library which allows optimal performance in production environments was not found on the java.library.path: [C:\Program Files\Java\jdk1.8.0_211\bin;C:\Windows\Sun\Java\bin;C:\Windows\system32;C:\Windows;C:\Program Files\Java\jdk-11.0.17\bin;C:\Program Files\Java\jdk-11.0.17\jre\bin;C:\Program Files\Common Files\Oracle\Java\javapath;C:\Program Files (x86)\Common Files\Oracle\Java\javapath;C:\Windows\system32;C:\Windows;C:\Windows\System32\Wbem;C:\Windows\System32\WindowsPowerShell\v1.0\;C:\Windows\System32\OpenSSH\;D:\tools\sofft\xshell\;D:\tools\sofft\git\Git\cmd;D:\node\;D:\maven\maven\apache-maven-3.3.9\bin;D:\rocketmq-all-4.7.0-bin-release\bin;C:\Program Files\Go\bin;C:\Program Files (x86)\Tencent\微信web开发者工具\dll;C:\Program Files\protoc-3.13.0-win64\bin;C:\Users\yuanl\go\bin;D:\tools\protoc-3.13.0-win64\bin;;C:\Program Files\Docker\Docker\resources\bin;D:\ant\apache-ant-1.10.12\bin;C:\Users\yuanl\AppData\Local\Programs\Python\Python310\Scripts\;C:\Users\yuanl\AppData\Local\Programs\Python\Python310\;C:\Program Files\MySQL\MySQL Shell 8.0\bin\;C:\Users\yuanl\AppData\Local\Microsoft\WindowsApps;C:\Users\yuanl\AppData\Roaming\npm;D:\tools\sofft\GoLand 2022.1.3\bin;;D:\tools\Microsoft VS Code\bin;C:\Users\yuanl\go\bin;.]
23-Feb-2023 20:12:49.877 信息 [main] org.apache.coyote.AbstractProtocol.init åå§ååè®®å¤çå¨ ["http-nio-8080"]
23-Feb-2023 20:12:50.033 信息 [main] org.apache.coyote.AbstractProtocol.init åå§ååè®®å¤çå¨ ["ajp-nio-8009"]
23-Feb-2023 20:12:50.037 信息 [main] org.apache.catalina.startup.Catalina.load æå¡å¨å¨[526]æ¯«ç§ååå§å
23-Feb-2023 20:12:50.063 信息 [main] org.apache.catalina.core.StandardService.startInternal Starting service [Catalina]
23-Feb-2023 20:12:50.063 信息 [main] org.apache.catalina.core.StandardEngine.startInternal Starting Servlet engine: [Apache Tomcat/9.0.x-dev]
23-Feb-2023 20:12:50.072 信息 [main] org.apache.catalina.startup.HostConfig.deployDirectory æweb åºç¨ç¨åºé¨ç½²å°ç®å½ [D:\xm\tomcat9.0.19\catalina-home\webapps\demo]
23-Feb-2023 20:12:51.724 信息 [main] org.apache.jasper.servlet.TldScanner.scanJars è³å°æä¸ä¸ªJARè¢«æ«æç¨äºTLDä½å°æªåå«TLDã ä¸ºæ­¤è®°å½å¨å¯ç¨è°è¯æ¥å¿è®°å½ï¼ä»¥è·åå·²æ«æä½æªå¨å¶ä¸­æ¾å°TLDçå®æ´JARåè¡¨ã å¨æ«ææé´è·³è¿ä¸éè¦çJARå¯ä»¥ç¼©ç­å¯å¨æ¶é´åJSPç¼è¯æ¶é´ã
23-Feb-2023 20:12:51.742 信息 [main] org.apache.catalina.startup.HostConfig.deployDirectory Deployment of web application directory [D:\xm\tomcat9.0.19\catalina-home\webapps\demo] has finished in [1,670] ms
23-Feb-2023 20:12:51.746 信息 [main] org.apache.coyote.AbstractProtocol.start å¼å§åè®®å¤çå¥æ["http-nio-8080"]
23-Feb-2023 20:12:51.754 信息 [main] org.apache.coyote.AbstractProtocol.start å¼å§åè®®å¤çå¥æ["ajp-nio-8009"]
23-Feb-2023 20:12:51.756 信息 [main] org.apache.catalina.startup.Catalina.start Server startup in [1,719] milliseconds
23-Feb-2023 20:20:19.416 警告 [main] org.apache.catalina.startup.ClassLoaderFactory.validateFile Problem with directory [D:\xm\tomcat9.0.19\catalina-home\lib], exists: [false], isDirectory: [false], canRead: [false]
23-Feb-2023 20:20:19.420 警告 [main] org.apache.catalina.startup.ClassLoaderFactory.validateFile Problem with directory [D:\xm\tomcat9.0.19\catalina-home\lib], exists: [false], isDirectory: [false], canRead: [false]
23-Feb-2023 20:20:19.420 警告 [main] org.apache.catalina.startup.ClassLoaderFactory.validateFile Problem with directory [D:\xm\tomcat9.0.19\catalina-home\lib], exists: [false], isDirectory: [false], canRead: [false]
23-Feb-2023 20:20:19.421 警告 [main] org.apache.catalina.startup.ClassLoaderFactory.validateFile Problem with directory [D:\xm\tomcat9.0.19\catalina-home\lib], exists: [false], isDirectory: [false], canRead: [false]
23-Feb-2023 20:20:19.441 严重 [main] org.apache.catalina.startup.Catalina.initDirs Cannot find specified temporary folder at [catalina-home/temp]
23-Feb-2023 20:20:19.754 信息 [main] org.apache.catalina.startup.VersionLoggerListener.log Server.æå¡å¨çæ¬:        Apache Tomcat/9.0.x-dev
23-Feb-2023 20:20:19.755 信息 [main] org.apache.catalina.startup.VersionLoggerListener.log Server.æå»º:          unknown
23-Feb-2023 20:20:19.755 信息 [main] org.apache.catalina.startup.VersionLoggerListener.log Server version number: 9.0.x
23-Feb-2023 20:20:19.755 信息 [main] org.apache.catalina.startup.VersionLoggerListener.log OS Name:               Windows 10
23-Feb-2023 20:20:19.755 信息 [main] org.apache.catalina.startup.VersionLoggerListener.log OS.çæ¬:            10.0
23-Feb-2023 20:20:19.755 信息 [main] org.apache.catalina.startup.VersionLoggerListener.log ç».é :          amd64
23-Feb-2023 20:20:19.755 信息 [main] org.apache.catalina.startup.VersionLoggerListener.log Java ç¯å¢åé:             C:\Program Files\Java\jdk1.8.0_211\jre
23-Feb-2023 20:20:19.755 信息 [main] org.apache.catalina.startup.VersionLoggerListener.log JVM çæ¬:           1.8.0_211-b12
23-Feb-2023 20:20:19.755 信息 [main] org.apache.catalina.startup.VersionLoggerListener.log JVM.ä¾åºå:            Oracle Corporation
23-Feb-2023 20:20:19.755 信息 [main] org.apache.catalina.startup.VersionLoggerListener.log CATALINA_BASE:         D:\xm\tomcat9.0.19\catalina-home
23-Feb-2023 20:20:19.755 信息 [main] org.apache.catalina.startup.VersionLoggerListener.log CATALINA_HOME:         D:\xm\tomcat9.0.19\catalina-home
23-Feb-2023 20:20:19.755 信息 [main] org.apache.catalina.startup.VersionLoggerListener.log Command line argument: -Dfile.encoding=UTF-8
23-Feb-2023 20:20:19.756 信息 [main] org.apache.catalina.startup.VersionLoggerListener.log Command line argument: -Dcatalina.home=catalina-home
23-Feb-2023 20:20:19.756 信息 [main] org.apache.catalina.startup.VersionLoggerListener.log Command line argument: -Dcatalina.base=catalina-home
23-Feb-2023 20:20:19.756 信息 [main] org.apache.catalina.startup.VersionLoggerListener.log Command line argument: -Djava.endorsed.dirs=catalina-home/endorsed
23-Feb-2023 20:20:19.756 信息 [main] org.apache.catalina.startup.VersionLoggerListener.log Command line argument: -Djava.io.tmpdir=catalina-home/temp
23-Feb-2023 20:20:19.756 信息 [main] org.apache.catalina.startup.VersionLoggerListener.log Command line argument: -Djava.util.logging.manager=org.apache.juli.ClassLoaderLogManager
23-Feb-2023 20:20:19.756 信息 [main] org.apache.catalina.startup.VersionLoggerListener.log Command line argument: -Djava.util.logging.config.file=catalina-home/conf/logging.properties
23-Feb-2023 20:20:19.756 信息 [main] org.apache.catalina.startup.VersionLoggerListener.log Command line argument: -javaagent:D:\idea\IntelliJ IDEA 2020.3.4\lib\idea_rt.jar=13456:D:\idea\IntelliJ IDEA 2020.3.4\bin
23-Feb-2023 20:20:19.756 信息 [main] org.apache.catalina.core.AprLifecycleListener.lifecycleEvent The APR based Apache Tomcat Native library which allows optimal performance in production environments was not found on the java.library.path: [C:\Program Files\Java\jdk1.8.0_211\bin;C:\Windows\Sun\Java\bin;C:\Windows\system32;C:\Windows;C:\Program Files\Java\jdk-11.0.17\bin;C:\Program Files\Java\jdk-11.0.17\jre\bin;C:\Program Files\Common Files\Oracle\Java\javapath;C:\Program Files (x86)\Common Files\Oracle\Java\javapath;C:\Windows\system32;C:\Windows;C:\Windows\System32\Wbem;C:\Windows\System32\WindowsPowerShell\v1.0\;C:\Windows\System32\OpenSSH\;D:\tools\sofft\xshell\;D:\tools\sofft\git\Git\cmd;D:\node\;D:\maven\maven\apache-maven-3.3.9\bin;D:\rocketmq-all-4.7.0-bin-release\bin;C:\Program Files\Go\bin;C:\Program Files (x86)\Tencent\微信web开发者工具\dll;C:\Program Files\protoc-3.13.0-win64\bin;C:\Users\yuanl\go\bin;D:\tools\protoc-3.13.0-win64\bin;;C:\Program Files\Docker\Docker\resources\bin;D:\ant\apache-ant-1.10.12\bin;C:\Users\yuanl\AppData\Local\Programs\Python\Python310\Scripts\;C:\Users\yuanl\AppData\Local\Programs\Python\Python310\;C:\Program Files\MySQL\MySQL Shell 8.0\bin\;C:\Users\yuanl\AppData\Local\Microsoft\WindowsApps;C:\Users\yuanl\AppData\Roaming\npm;D:\tools\sofft\GoLand 2022.1.3\bin;;D:\tools\Microsoft VS Code\bin;C:\Users\yuanl\go\bin;.]
23-Feb-2023 20:20:19.845 信息 [main] org.apache.coyote.AbstractProtocol.init åå§ååè®®å¤çå¨ ["http-nio-8080"]
23-Feb-2023 20:20:20.023 信息 [main] org.apache.coyote.AbstractProtocol.init åå§ååè®®å¤çå¨ ["ajp-nio-8009"]
23-Feb-2023 20:20:20.027 信息 [main] org.apache.catalina.startup.Catalina.load æå¡å¨å¨[584]æ¯«ç§ååå§å
23-Feb-2023 20:20:20.052 信息 [main] org.apache.catalina.core.StandardService.startInternal Starting service [Catalina]
23-Feb-2023 20:20:20.052 信息 [main] org.apache.catalina.core.StandardEngine.startInternal Starting Servlet engine: [Apache Tomcat/9.0.x-dev]
23-Feb-2023 20:20:20.061 信息 [main] org.apache.catalina.startup.HostConfig.deployDirectory æweb åºç¨ç¨åºé¨ç½²å°ç®å½ [D:\xm\tomcat9.0.19\catalina-home\webapps\demo]
23-Feb-2023 20:20:21.747 信息 [main] org.apache.jasper.servlet.TldScanner.scanJars è³å°æä¸ä¸ªJARè¢«æ«æç¨äºTLDä½å°æªåå«TLDã ä¸ºæ­¤è®°å½å¨å¯ç¨è°è¯æ¥å¿è®°å½ï¼ä»¥è·åå·²æ«æä½æªå¨å¶ä¸­æ¾å°TLDçå®æ´JARåè¡¨ã å¨æ«ææé´è·³è¿ä¸éè¦çJARå¯ä»¥ç¼©ç­å¯å¨æ¶é´åJSPç¼è¯æ¶é´ã
23-Feb-2023 20:20:21.766 信息 [main] org.apache.catalina.startup.HostConfig.deployDirectory Deployment of web application directory [D:\xm\tomcat9.0.19\catalina-home\webapps\demo] has finished in [1,705] ms
23-Feb-2023 20:20:21.770 信息 [main] org.apache.coyote.AbstractProtocol.start å¼å§åè®®å¤çå¥æ["http-nio-8080"]
23-Feb-2023 20:20:21.778 信息 [main] org.apache.coyote.AbstractProtocol.start å¼å§åè®®å¤çå¥æ["ajp-nio-8009"]
23-Feb-2023 20:20:21.779 信息 [main] org.apache.catalina.startup.Catalina.start Server startup in [1,752] milliseconds
